<?xml version="1.0" encoding="UTF-8"?>
<testsuite xmlns:xsi="http://www.w3.org/2001/XMLSchema-instance" xsi:noNamespaceSchemaLocation="https://maven.apache.org/surefire/maven-failsafe-plugin/xsd/failsafe-test-report-3.0.xsd" version="3.0" name="starter.CucumberTestSuite" time="18.321" tests="8" errors="0" skipped="0" failures="0">
  <properties>
[...]
</properties>
  <testcase name="POST - Create new news without fill title payload" classname="Manage News Admin" time="3.6">
    <system-out><![CDATA[00:33:35.637 [main] DEBUG net.thucydides.core.guice.Injectors - Created injector for module net.thucydides.core.guice.ThucydidesModule
00:33:35.838 [main] DEBUG io.cucumber.core.plugin.SerenityReporter - Running feature from file:///C:/Users/WINDOWS%2010/Documents/GitHub/Capstone/sociops_qe_api/src/test/resources/features/adminManageNews.feature
00:33:35.974 [main] DEBUG net.thucydides.core.guice.Injectors - Created injector for module net.thucydides.core.guice.webdriver.WebDriverModule
00:33:35.990 [main] INFO  - 

-------------------------------------------------------------------------------------
     _______. _______ .______       _______ .__   __.  __  .___________.____    ____ 
    /       ||   ____||   _  \     |   ____||  \ |  | |  | |           |\   \  /   / 
   |   (----`|  |__   |  |_)  |    |  |__   |   \|  | |  | `---|  |----` \   \/   /  
    \   \    |   __|  |      /     |   __|  |  . `  | |  |     |  |       \_    _/   
.----)   |   |  |____ |  |\  \----.|  |____ |  |\   | |  |     |  |         |  |     
|_______/    |_______|| _| `._____||_______||__| \__| |__|     |__|         |__|    
                                                                                     
 News and tutorials at http://www.serenity-bdd.info                                  
 Documentation at https://wakaleo.gitbooks.io/the-serenity-book/content/             
 Join the Serenity Community on Gitter: https://gitter.im/serenity-bdd/serenity-core 
 Serenity BDD Support and Training at http://serenity-bdd.info/#/trainingandsupport  
-------------------------------------------------------------------------------------

00:33:35.992 [main] DEBUG net.thucydides.core.steps.StepEventBus - Test suite started for story net.thucydides.core.model.Story@316b80f2
00:33:35.993 [main] INFO  - Test Suite Started: Manage News Admin
00:33:36.001 [main] DEBUG io.cucumber.core.plugin.SerenityReporter - Running feature from file:///C:/Users/WINDOWS%2010/Documents/GitHub/Capstone/sociops_qe_api/src/test/resources/features/adminManageNews.feature
00:33:36.004 [main] DEBUG net.thucydides.core.steps.StepEventBus - Test suite started for story net.thucydides.core.model.Story@316b80f2
00:33:36.004 [main] INFO  - Test Suite Started: Manage News Admin

Scenario: POST - Create new news without fill title payload                  &amp#27;[90m# src/test/resources/features/adminManageNews.feature:12&amp#27;[0m
00:33:36.063 [main] DEBUG io.cucumber.core.plugin.SerenityReporter - Running feature from file:///C:/Users/WINDOWS%2010/Documents/GitHub/Capstone/sociops_qe_api/src/test/resources/features/adminManageNews.feature
00:33:36.142 [main] INFO  - 
  _____   ___   ___   _____     ___   _____     _     ___   _____   ___   ___  
 |_   _| | __| / __| |_   _|   / __| |_   _|   /_\   | _ \ |_   _| | __| |   \ 
   | |   | _|  \__ \   | |     \__ \   | |    / _ \  |   /   | |   | _|  | |) |
   |_|   |___| |___/   |_|     |___/   |_|   /_/ \_\ |_|_\   |_|   |___| |___/ 

POST - Create new news without fill title payload(manage-news-admin;post---create-new-news-without-fill-title-payload)
--------------------------------------------------------------------------------
00:33:36.194 [main] DEBUG net.thucydides.core.requirements.model.cucumber.CucumberParser - Loading feature C:\Users\WINDOWS 10\Documents\GitHub\Capstone\sociops_qe_api\src\test\resources\features\adminManageNews.feature
00:33:36.617 [main] DEBUG net.thucydides.core.steps.StepInterceptor - STARTING STEP: adminManageNewsSteps.setPostEpManageNews - I set POST api endpoints manage news admin
00:33:36.620 [main] DEBUG net.thucydides.core.steps.StepInterceptor - STEP DONE: I set POST api endpoints manage news admin
  &amp#27;[32mGiven &amp#27;[0m&amp#27;[32mI set POST api endpoints manage news admin&amp#27;[0m                           &amp#27;[90m# starter.stepdefinitions.adminManageNewsSteps.setPostEpManageNews()&amp#27;[0m
00:33:36.631 [main] DEBUG net.thucydides.core.steps.StepInterceptor - STARTING STEP: adminManageNewsSteps.sendPostReqManageNewsANoInputTitle - I send POST HTTP request manage news admin without fill title payload
00:33:38.201 [main] DEBUG net.thucydides.core.steps.StepInterceptor - STARTING STEP: adminManageNews.sendPostReqManageNewsANoInputTitle - I set POST api endpoints manage news admin
00:33:38.201 [main] DEBUG net.thucydides.core.steps.StepInterceptor - STEP DONE: I set POST api endpoints manage news admin
00:33:38.767 [main] DEBUG org.apache.http.impl.conn.BasicClientConnectionManager - Get connection for route {s}->https://sociops-backend-production.up.railway.app:443
00:33:38.830 [main] DEBUG org.apache.http.impl.conn.DefaultClientConnectionOperator - Connecting to sociops-backend-production.up.railway.app:443
00:33:39.344 [main] DEBUG org.apache.http.client.protocol.RequestAddCookies - CookieSpec selected: ignoreCookies
00:33:39.345 [main] DEBUG org.apache.http.client.protocol.RequestAuthCache - Auth cache not set in the context
00:33:39.345 [main] DEBUG org.apache.http.client.protocol.RequestProxyAuthentication - Proxy auth state: UNCHALLENGED
00:33:39.346 [main] DEBUG org.apache.http.impl.client.DefaultHttpClient - Attempt 1 to execute request
00:33:39.346 [main] DEBUG org.apache.http.impl.conn.DefaultClientConnection - Sending request: POST /news HTTP/1.1
00:33:39.346 [main] DEBUG org.apache.http.wire -  >> "POST /news HTTP/1.1[\r][\n]"
00:33:39.346 [main] DEBUG org.apache.http.wire -  >> "Authorization: Bearer eyJhbGciOiJIUzI1NiIsInR5cCI6IkpXVCJ9.eyJpZCI6IjI1IiwibmFtZSI6IkpvaG4gRG9lIiwicm9sZSI6IkFETUlOIiwiZXhwIjoxNjg3NTgzOTUwfQ.ajHiamQlvdpozXu9xIA2a7icSP0w9fjamZwndtTFqvY[\r][\n]"
00:33:39.346 [main] DEBUG org.apache.http.wire -  >> "Accept: */*[\r][\n]"
00:33:39.347 [main] DEBUG org.apache.http.wire -  >> "Content-Type: application/json[\r][\n]"
00:33:39.347 [main] DEBUG org.apache.http.wire -  >> "Content-Length: 87[\r][\n]"
00:33:39.347 [main] DEBUG org.apache.http.wire -  >> "Host: sociops-backend-production.up.railway.app[\r][\n]"
00:33:39.347 [main] DEBUG org.apache.http.wire -  >> "Connection: Keep-Alive[\r][\n]"
00:33:39.347 [main] DEBUG org.apache.http.wire -  >> "User-Agent: Apache-HttpClient/4.5.13 (Java/15.0.2)[\r][\n]"
00:33:39.347 [main] DEBUG org.apache.http.wire -  >> "Accept-Encoding: gzip,deflate[\r][\n]"
00:33:39.347 [main] DEBUG org.apache.http.wire -  >> "[\r][\n]"
00:33:39.347 [main] DEBUG org.apache.http.headers - >> POST /news HTTP/1.1
00:33:39.347 [main] DEBUG org.apache.http.headers - >> Authorization: Bearer eyJhbGciOiJIUzI1NiIsInR5cCI6IkpXVCJ9.eyJpZCI6IjI1IiwibmFtZSI6IkpvaG4gRG9lIiwicm9sZSI6IkFETUlOIiwiZXhwIjoxNjg3NTgzOTUwfQ.ajHiamQlvdpozXu9xIA2a7icSP0w9fjamZwndtTFqvY
00:33:39.347 [main] DEBUG org.apache.http.headers - >> Accept: */*
00:33:39.347 [main] DEBUG org.apache.http.headers - >> Content-Type: application/json
00:33:39.347 [main] DEBUG org.apache.http.headers - >> Content-Length: 87
00:33:39.347 [main] DEBUG org.apache.http.headers - >> Host: sociops-backend-production.up.railway.app
00:33:39.347 [main] DEBUG org.apache.http.headers - >> Connection: Keep-Alive
00:33:39.347 [main] DEBUG org.apache.http.headers - >> User-Agent: Apache-HttpClient/4.5.13 (Java/15.0.2)
00:33:39.347 [main] DEBUG org.apache.http.headers - >> Accept-Encoding: gzip,deflate
00:33:39.347 [main] DEBUG org.apache.http.wire -  >> "{"description":"andira2 - Proin et euismod diam. Duis fermentum felis nisi","title":""}"
00:33:39.538 [main] DEBUG org.apache.http.wire -  << "HTTP/1.1 400 Bad Request[\r][\n]"
00:33:39.539 [main] DEBUG org.apache.http.wire -  << "content-type: application/json; charset=UTF-8[\r][\n]"
00:33:39.539 [main] DEBUG org.apache.http.wire -  << "vary: Origin[\r][\n]"
00:33:39.539 [main] DEBUG org.apache.http.wire -  << "date: Fri, 23 Jun 2023 17:33:40 GMT[\r][\n]"
00:33:39.539 [main] DEBUG org.apache.http.wire -  << "content-length: 89[\r][\n]"
00:33:39.539 [main] DEBUG org.apache.http.wire -  << "server: railway[\r][\n]"
00:33:39.539 [main] DEBUG org.apache.http.wire -  << "[\r][\n]"
00:33:39.550 [main] DEBUG org.apache.http.impl.conn.DefaultClientConnection - Receiving response: HTTP/1.1 400 Bad Request
00:33:39.550 [main] DEBUG org.apache.http.headers - << HTTP/1.1 400 Bad Request
00:33:39.550 [main] DEBUG org.apache.http.headers - << content-type: application/json; charset=UTF-8
00:33:39.550 [main] DEBUG org.apache.http.headers - << vary: Origin
00:33:39.550 [main] DEBUG org.apache.http.headers - << date: Fri, 23 Jun 2023 17:33:40 GMT
00:33:39.550 [main] DEBUG org.apache.http.headers - << content-length: 89
00:33:39.550 [main] DEBUG org.apache.http.headers - << server: railway
00:33:39.552 [main] DEBUG org.apache.http.impl.client.DefaultHttpClient - Connection can be kept alive indefinitely
00:33:39.555 [main] DEBUG io.restassured.internal.RestAssuredHttpBuilder - Parsing response as: application/json; charset=UTF-8
00:33:39.555 [main] DEBUG io.restassured.internal.RestAssuredHttpBuilder - Parsed data to instance of: class org.apache.http.conn.EofSensorInputStream
00:33:39.578 [main] DEBUG org.apache.http.wire -  << "{"data":["Title is a required field"],"message":"ERROR_INPUT_VALIDATION","status":false}[\n]"
00:33:39.578 [main] DEBUG org.apache.http.impl.conn.BasicClientConnectionManager - Releasing connection org.apache.http.impl.conn.ManagedClientConnectionImpl@65015a49
00:33:39.578 [main] DEBUG org.apache.http.impl.conn.BasicClientConnectionManager - Connection can be kept alive indefinitely
00:33:39.595 [main] DEBUG net.thucydides.core.steps.StepInterceptor - STEP DONE: I send POST HTTP request manage news admin without fill title payload
  &amp#27;[32mWhen &amp#27;[0m&amp#27;[32mI send POST HTTP request manage news admin without fill title payload&amp#27;[0m &amp#27;[90m# starter.stepdefinitions.adminManageNewsSteps.sendPostReqManageNewsANoInputTitle()&amp#27;[0m
00:33:39.599 [main] DEBUG net.thucydides.core.steps.StepInterceptor - STARTING STEP: adminManageNewsSteps.response400ManageNewsA - I receive HTTP response code 400 manage news admin
00:33:39.600 [main] DEBUG net.thucydides.core.steps.StepInterceptor - STEP DONE: I receive HTTP response code 400 manage news admin
  &amp#27;[32mThen &amp#27;[0m&amp#27;[32mI receive HTTP response code 400 manage news admin&amp#27;[0m                    &amp#27;[90m# starter.stepdefinitions.adminManageNewsSteps.response400ManageNewsA()&amp#27;[0m
00:33:39.604 [main] INFO  - 
  _____   ___   ___   _____     ___     _     ___   ___   ___   ___  
 |_   _| | __| / __| |_   _|   | _ \   /_\   / __| / __| | __| |   \ 
   | |   | _|  \__ \   | |     |  _/  / _ \  \__ \ \__ \ | _|  | |) |
   |_|   |___| |___/   |_|     |_|   /_/ \_\ |___/ |___/ |___| |___/ 

POST - Create new news without fill title payload
----------------------------------------------------------------------
]]></system-out>
  </testcase>
  <testcase name="POST - Create new news without fill description payload" classname="Manage News Admin" time="0.654">
    <system-out><![CDATA[
Scenario: POST - Create new news without fill description payload                  &amp#27;[90m# src/test/resources/features/adminManageNews.feature:17&amp#27;[0m
00:33:39.615 [main] DEBUG io.cucumber.core.plugin.SerenityReporter - Running feature from file:///C:/Users/WINDOWS%2010/Documents/GitHub/Capstone/sociops_qe_api/src/test/resources/features/adminManageNews.feature
00:33:39.620 [main] INFO  - 
  _____   ___   ___   _____     ___   _____     _     ___   _____   ___   ___  
 |_   _| | __| / __| |_   _|   / __| |_   _|   /_\   | _ \ |_   _| | __| |   \ 
   | |   | _|  \__ \   | |     \__ \   | |    / _ \  |   /   | |   | _|  | |) |
   |_|   |___| |___/   |_|     |___/   |_|   /_/ \_\ |_|_\   |_|   |___| |___/ 

POST - Create new news without fill description payload(manage-news-admin;post---create-new-news-without-fill-description-payload)
--------------------------------------------------------------------------------
00:33:39.635 [main] DEBUG net.thucydides.core.steps.StepInterceptor - STARTING STEP: adminManageNewsSteps.setPostEpManageNews - I set POST api endpoints manage news admin
00:33:39.635 [main] DEBUG net.thucydides.core.steps.StepInterceptor - STEP DONE: I set POST api endpoints manage news admin
  &amp#27;[32mGiven &amp#27;[0m&amp#27;[32mI set POST api endpoints manage news admin&amp#27;[0m                                 &amp#27;[90m# starter.stepdefinitions.adminManageNewsSteps.setPostEpManageNews()&amp#27;[0m
00:33:39.641 [main] DEBUG net.thucydides.core.steps.StepInterceptor - STARTING STEP: adminManageNewsSteps.sendPostReqManageNewsANoInputDescription - I send POST HTTP request manage news admin without fill description payload
00:33:39.643 [main] DEBUG net.thucydides.core.steps.StepInterceptor - STARTING STEP: adminManageNews.sendPostReqManageNewsANoInputDescription - I set POST api endpoints manage news admin
00:33:39.644 [main] DEBUG net.thucydides.core.steps.StepInterceptor - STEP DONE: I set POST api endpoints manage news admin
00:33:39.663 [main] DEBUG org.apache.http.impl.conn.BasicClientConnectionManager - Get connection for route {s}->https://sociops-backend-production.up.railway.app:443
00:33:39.663 [main] DEBUG org.apache.http.impl.conn.DefaultClientConnectionOperator - Connecting to sociops-backend-production.up.railway.app:443
00:33:40.058 [main] DEBUG org.apache.http.client.protocol.RequestAddCookies - CookieSpec selected: ignoreCookies
00:33:40.058 [main] DEBUG org.apache.http.client.protocol.RequestAuthCache - Auth cache not set in the context
00:33:40.058 [main] DEBUG org.apache.http.client.protocol.RequestProxyAuthentication - Proxy auth state: UNCHALLENGED
00:33:40.059 [main] DEBUG org.apache.http.impl.client.DefaultHttpClient - Attempt 1 to execute request
00:33:40.059 [main] DEBUG org.apache.http.impl.conn.DefaultClientConnection - Sending request: POST /news HTTP/1.1
00:33:40.059 [main] DEBUG org.apache.http.wire -  >> "POST /news HTTP/1.1[\r][\n]"
00:33:40.059 [main] DEBUG org.apache.http.wire -  >> "Authorization: Bearer eyJhbGciOiJIUzI1NiIsInR5cCI6IkpXVCJ9.eyJpZCI6IjI1IiwibmFtZSI6IkpvaG4gRG9lIiwicm9sZSI6IkFETUlOIiwiZXhwIjoxNjg3NTgzOTUwfQ.ajHiamQlvdpozXu9xIA2a7icSP0w9fjamZwndtTFqvY[\r][\n]"
00:33:40.059 [main] DEBUG org.apache.http.wire -  >> "Accept: */*[\r][\n]"
00:33:40.059 [main] DEBUG org.apache.http.wire -  >> "Content-Type: application/json[\r][\n]"
00:33:40.059 [main] DEBUG org.apache.http.wire -  >> "Content-Length: 51[\r][\n]"
00:33:40.059 [main] DEBUG org.apache.http.wire -  >> "Host: sociops-backend-production.up.railway.app[\r][\n]"
00:33:40.059 [main] DEBUG org.apache.http.wire -  >> "Connection: Keep-Alive[\r][\n]"
00:33:40.059 [main] DEBUG org.apache.http.wire -  >> "User-Agent: Apache-HttpClient/4.5.13 (Java/15.0.2)[\r][\n]"
00:33:40.059 [main] DEBUG org.apache.http.wire -  >> "Accept-Encoding: gzip,deflate[\r][\n]"
00:33:40.059 [main] DEBUG org.apache.http.wire -  >> "[\r][\n]"
00:33:40.059 [main] DEBUG org.apache.http.headers - >> POST /news HTTP/1.1
00:33:40.059 [main] DEBUG org.apache.http.headers - >> Authorization: Bearer eyJhbGciOiJIUzI1NiIsInR5cCI6IkpXVCJ9.eyJpZCI6IjI1IiwibmFtZSI6IkpvaG4gRG9lIiwicm9sZSI6IkFETUlOIiwiZXhwIjoxNjg3NTgzOTUwfQ.ajHiamQlvdpozXu9xIA2a7icSP0w9fjamZwndtTFqvY
00:33:40.059 [main] DEBUG org.apache.http.headers - >> Accept: */*
00:33:40.059 [main] DEBUG org.apache.http.headers - >> Content-Type: application/json
00:33:40.059 [main] DEBUG org.apache.http.headers - >> Content-Length: 51
00:33:40.059 [main] DEBUG org.apache.http.headers - >> Host: sociops-backend-production.up.railway.app
00:33:40.059 [main] DEBUG org.apache.http.headers - >> Connection: Keep-Alive
00:33:40.059 [main] DEBUG org.apache.http.headers - >> User-Agent: Apache-HttpClient/4.5.13 (Java/15.0.2)
00:33:40.059 [main] DEBUG org.apache.http.headers - >> Accept-Encoding: gzip,deflate
00:33:40.059 [main] DEBUG org.apache.http.wire -  >> "{"description":"","title":"Seru!2 Salurkan Donasi"}"
00:33:40.251 [main] DEBUG org.apache.http.wire -  << "HTTP/1.1 400 Bad Request[\r][\n]"
00:33:40.251 [main] DEBUG org.apache.http.wire -  << "content-type: application/json; charset=UTF-8[\r][\n]"
00:33:40.251 [main] DEBUG org.apache.http.wire -  << "vary: Origin[\r][\n]"
00:33:40.251 [main] DEBUG org.apache.http.wire -  << "date: Fri, 23 Jun 2023 17:33:41 GMT[\r][\n]"
00:33:40.251 [main] DEBUG org.apache.http.wire -  << "content-length: 95[\r][\n]"
00:33:40.251 [main] DEBUG org.apache.http.wire -  << "server: railway[\r][\n]"
00:33:40.251 [main] DEBUG org.apache.http.wire -  << "[\r][\n]"
00:33:40.251 [main] DEBUG org.apache.http.impl.conn.DefaultClientConnection - Receiving response: HTTP/1.1 400 Bad Request
00:33:40.251 [main] DEBUG org.apache.http.headers - << HTTP/1.1 400 Bad Request
00:33:40.251 [main] DEBUG org.apache.http.headers - << content-type: application/json; charset=UTF-8
00:33:40.251 [main] DEBUG org.apache.http.headers - << vary: Origin
00:33:40.251 [main] DEBUG org.apache.http.headers - << date: Fri, 23 Jun 2023 17:33:41 GMT
00:33:40.251 [main] DEBUG org.apache.http.headers - << content-length: 95
00:33:40.251 [main] DEBUG org.apache.http.headers - << server: railway
00:33:40.251 [main] DEBUG org.apache.http.impl.client.DefaultHttpClient - Connection can be kept alive indefinitely
00:33:40.251 [main] DEBUG io.restassured.internal.RestAssuredHttpBuilder - Parsing response as: application/json; charset=UTF-8
00:33:40.251 [main] DEBUG io.restassured.internal.RestAssuredHttpBuilder - Parsed data to instance of: class org.apache.http.conn.EofSensorInputStream
00:33:40.252 [main] DEBUG org.apache.http.wire -  << "{"data":["Description is a required field"],"message":"ERROR_INPUT_VALIDATION","status":false}[\n]"
00:33:40.253 [main] DEBUG org.apache.http.impl.conn.BasicClientConnectionManager - Releasing connection org.apache.http.impl.conn.ManagedClientConnectionImpl@21d8da75
00:33:40.253 [main] DEBUG org.apache.http.impl.conn.BasicClientConnectionManager - Connection can be kept alive indefinitely
00:33:40.254 [main] DEBUG net.thucydides.core.steps.StepInterceptor - STEP DONE: I send POST HTTP request manage news admin without fill description payload
  &amp#27;[32mWhen &amp#27;[0m&amp#27;[32mI send POST HTTP request manage news admin without fill description payload&amp#27;[0m &amp#27;[90m# starter.stepdefinitions.adminManageNewsSteps.sendPostReqManageNewsANoInputDescription()&amp#27;[0m
00:33:40.257 [main] DEBUG net.thucydides.core.steps.StepInterceptor - STARTING STEP: adminManageNewsSteps.response400ManageNewsA - I receive HTTP response code 400 manage news admin
00:33:40.258 [main] DEBUG net.thucydides.core.steps.StepInterceptor - STEP DONE: I receive HTTP response code 400 manage news admin
  &amp#27;[32mThen &amp#27;[0m&amp#27;[32mI receive HTTP response code 400 manage news admin&amp#27;[0m                          &amp#27;[90m# starter.stepdefinitions.adminManageNewsSteps.response400ManageNewsA()&amp#27;[0m
00:33:40.260 [main] INFO  - 
  _____   ___   ___   _____     ___     _     ___   ___   ___   ___  
 |_   _| | __| / __| |_   _|   | _ \   /_\   / __| / __| | __| |   \ 
   | |   | _|  \__ \   | |     |  _/  / _ \  \__ \ \__ \ | _|  | |) |
   |_|   |___| |___/   |_|     |_|   /_/ \_\ |___/ |___/ |___| |___/ 

POST - Create new news without fill description payload
----------------------------------------------------------------------
]]></system-out>
  </testcase>
  <testcase name="POST - Create new news only fill 1 char in title payload" classname="Manage News Admin" time="0.666">
    <system-out><![CDATA[
Scenario: POST - Create new news only fill 1 char in title payload                  &amp#27;[90m# src/test/resources/features/adminManageNews.feature:22&amp#27;[0m
00:33:40.268 [main] DEBUG io.cucumber.core.plugin.SerenityReporter - Running feature from file:///C:/Users/WINDOWS%2010/Documents/GitHub/Capstone/sociops_qe_api/src/test/resources/features/adminManageNews.feature
00:33:40.274 [main] INFO  - 
  _____   ___   ___   _____     ___   _____     _     ___   _____   ___   ___  
 |_   _| | __| / __| |_   _|   / __| |_   _|   /_\   | _ \ |_   _| | __| |   \ 
   | |   | _|  \__ \   | |     \__ \   | |    / _ \  |   /   | |   | _|  | |) |
   |_|   |___| |___/   |_|     |___/   |_|   /_/ \_\ |_|_\   |_|   |___| |___/ 

POST - Create new news only fill 1 char in title payload(manage-news-admin;post---create-new-news-only-fill-1-char-in-title-payload)
--------------------------------------------------------------------------------
00:33:40.289 [main] DEBUG net.thucydides.core.steps.StepInterceptor - STARTING STEP: adminManageNewsSteps.setPostEpManageNews - I set POST api endpoints manage news admin
00:33:40.289 [main] DEBUG net.thucydides.core.steps.StepInterceptor - STEP DONE: I set POST api endpoints manage news admin
  &amp#27;[32mGiven &amp#27;[0m&amp#27;[32mI set POST api endpoints manage news admin&amp#27;[0m                                  &amp#27;[90m# starter.stepdefinitions.adminManageNewsSteps.setPostEpManageNews()&amp#27;[0m
00:33:40.295 [main] DEBUG net.thucydides.core.steps.StepInterceptor - STARTING STEP: adminManageNewsSteps.sendPostReqManageNewsA1CharTitle - I send POST HTTP request manage news admin only fill 1 char in title payload
00:33:40.297 [main] DEBUG net.thucydides.core.steps.StepInterceptor - STARTING STEP: adminManageNews.sendPostReqManageNewsA1CharTitle - I set POST api endpoints manage news admin
00:33:40.297 [main] DEBUG net.thucydides.core.steps.StepInterceptor - STEP DONE: I set POST api endpoints manage news admin
00:33:40.316 [main] DEBUG org.apache.http.impl.conn.BasicClientConnectionManager - Get connection for route {s}->https://sociops-backend-production.up.railway.app:443
00:33:40.316 [main] DEBUG org.apache.http.impl.conn.DefaultClientConnectionOperator - Connecting to sociops-backend-production.up.railway.app:443
00:33:40.716 [main] DEBUG org.apache.http.client.protocol.RequestAddCookies - CookieSpec selected: ignoreCookies
00:33:40.717 [main] DEBUG org.apache.http.client.protocol.RequestAuthCache - Auth cache not set in the context
00:33:40.717 [main] DEBUG org.apache.http.client.protocol.RequestProxyAuthentication - Proxy auth state: UNCHALLENGED
00:33:40.717 [main] DEBUG org.apache.http.impl.client.DefaultHttpClient - Attempt 1 to execute request
00:33:40.717 [main] DEBUG org.apache.http.impl.conn.DefaultClientConnection - Sending request: POST /news HTTP/1.1
00:33:40.717 [main] DEBUG org.apache.http.wire -  >> "POST /news HTTP/1.1[\r][\n]"
00:33:40.717 [main] DEBUG org.apache.http.wire -  >> "Authorization: Bearer eyJhbGciOiJIUzI1NiIsInR5cCI6IkpXVCJ9.eyJpZCI6IjI1IiwibmFtZSI6IkpvaG4gRG9lIiwicm9sZSI6IkFETUlOIiwiZXhwIjoxNjg3NTgzOTUwfQ.ajHiamQlvdpozXu9xIA2a7icSP0w9fjamZwndtTFqvY[\r][\n]"
00:33:40.717 [main] DEBUG org.apache.http.wire -  >> "Accept: */*[\r][\n]"
00:33:40.717 [main] DEBUG org.apache.http.wire -  >> "Content-Type: application/json[\r][\n]"
00:33:40.717 [main] DEBUG org.apache.http.wire -  >> "Content-Length: 88[\r][\n]"
00:33:40.717 [main] DEBUG org.apache.http.wire -  >> "Host: sociops-backend-production.up.railway.app[\r][\n]"
00:33:40.717 [main] DEBUG org.apache.http.wire -  >> "Connection: Keep-Alive[\r][\n]"
00:33:40.717 [main] DEBUG org.apache.http.wire -  >> "User-Agent: Apache-HttpClient/4.5.13 (Java/15.0.2)[\r][\n]"
00:33:40.717 [main] DEBUG org.apache.http.wire -  >> "Accept-Encoding: gzip,deflate[\r][\n]"
00:33:40.717 [main] DEBUG org.apache.http.wire -  >> "[\r][\n]"
00:33:40.717 [main] DEBUG org.apache.http.headers - >> POST /news HTTP/1.1
00:33:40.717 [main] DEBUG org.apache.http.headers - >> Authorization: Bearer eyJhbGciOiJIUzI1NiIsInR5cCI6IkpXVCJ9.eyJpZCI6IjI1IiwibmFtZSI6IkpvaG4gRG9lIiwicm9sZSI6IkFETUlOIiwiZXhwIjoxNjg3NTgzOTUwfQ.ajHiamQlvdpozXu9xIA2a7icSP0w9fjamZwndtTFqvY
00:33:40.717 [main] DEBUG org.apache.http.headers - >> Accept: */*
00:33:40.717 [main] DEBUG org.apache.http.headers - >> Content-Type: application/json
00:33:40.717 [main] DEBUG org.apache.http.headers - >> Content-Length: 88
00:33:40.717 [main] DEBUG org.apache.http.headers - >> Host: sociops-backend-production.up.railway.app
00:33:40.718 [main] DEBUG org.apache.http.headers - >> Connection: Keep-Alive
00:33:40.718 [main] DEBUG org.apache.http.headers - >> User-Agent: Apache-HttpClient/4.5.13 (Java/15.0.2)
00:33:40.718 [main] DEBUG org.apache.http.headers - >> Accept-Encoding: gzip,deflate
00:33:40.718 [main] DEBUG org.apache.http.wire -  >> "{"description":"andira2 - Proin et euismod diam. Duis fermentum felis nisi","title":" "}"
00:33:40.912 [main] DEBUG org.apache.http.wire -  << "HTTP/1.1 400 Bad Request[\r][\n]"
00:33:40.912 [main] DEBUG org.apache.http.wire -  << "content-type: application/json; charset=UTF-8[\r][\n]"
00:33:40.913 [main] DEBUG org.apache.http.wire -  << "vary: Origin[\r][\n]"
00:33:40.913 [main] DEBUG org.apache.http.wire -  << "date: Fri, 23 Jun 2023 17:33:41 GMT[\r][\n]"
00:33:40.913 [main] DEBUG org.apache.http.wire -  << "content-length: 89[\r][\n]"
00:33:40.913 [main] DEBUG org.apache.http.wire -  << "server: railway[\r][\n]"
00:33:40.913 [main] DEBUG org.apache.http.wire -  << "[\r][\n]"
00:33:40.913 [main] DEBUG org.apache.http.impl.conn.DefaultClientConnection - Receiving response: HTTP/1.1 400 Bad Request
00:33:40.913 [main] DEBUG org.apache.http.headers - << HTTP/1.1 400 Bad Request
00:33:40.913 [main] DEBUG org.apache.http.headers - << content-type: application/json; charset=UTF-8
00:33:40.913 [main] DEBUG org.apache.http.headers - << vary: Origin
00:33:40.913 [main] DEBUG org.apache.http.headers - << date: Fri, 23 Jun 2023 17:33:41 GMT
00:33:40.913 [main] DEBUG org.apache.http.headers - << content-length: 89
00:33:40.913 [main] DEBUG org.apache.http.headers - << server: railway
00:33:40.913 [main] DEBUG org.apache.http.impl.client.DefaultHttpClient - Connection can be kept alive indefinitely
00:33:40.914 [main] DEBUG io.restassured.internal.RestAssuredHttpBuilder - Parsing response as: application/json; charset=UTF-8
00:33:40.914 [main] DEBUG io.restassured.internal.RestAssuredHttpBuilder - Parsed data to instance of: class org.apache.http.conn.EofSensorInputStream
00:33:40.915 [main] DEBUG org.apache.http.wire -  << "{"data":["Title is a required field"],"message":"ERROR_INPUT_VALIDATION","status":false}[\n]"
00:33:40.915 [main] DEBUG org.apache.http.impl.conn.BasicClientConnectionManager - Releasing connection org.apache.http.impl.conn.ManagedClientConnectionImpl@58b3eb1
00:33:40.915 [main] DEBUG org.apache.http.impl.conn.BasicClientConnectionManager - Connection can be kept alive indefinitely
00:33:40.916 [main] DEBUG net.thucydides.core.steps.StepInterceptor - STEP DONE: I send POST HTTP request manage news admin only fill 1 char in title payload
  &amp#27;[32mWhen &amp#27;[0m&amp#27;[32mI send POST HTTP request manage news admin only fill 1 char in title payload&amp#27;[0m &amp#27;[90m# starter.stepdefinitions.adminManageNewsSteps.sendPostReqManageNewsA1CharTitle()&amp#27;[0m
00:33:40.922 [main] DEBUG net.thucydides.core.steps.StepInterceptor - STARTING STEP: adminManageNewsSteps.response400ManageNewsA - I receive HTTP response code 400 manage news admin
00:33:40.922 [main] DEBUG net.thucydides.core.steps.StepInterceptor - STEP DONE: I receive HTTP response code 400 manage news admin
  &amp#27;[32mThen &amp#27;[0m&amp#27;[32mI receive HTTP response code 400 manage news admin&amp#27;[0m                           &amp#27;[90m# starter.stepdefinitions.adminManageNewsSteps.response400ManageNewsA()&amp#27;[0m
00:33:40.926 [main] INFO  - 
  _____   ___   ___   _____     ___     _     ___   ___   ___   ___  
 |_   _| | __| / __| |_   _|   | _ \   /_\   / __| / __| | __| |   \ 
   | |   | _|  \__ \   | |     |  _/  / _ \  \__ \ \__ \ | _|  | |) |
   |_|   |___| |___/   |_|     |_|   /_/ \_\ |___/ |___/ |___| |___/ 

POST - Create new news only fill 1 char in title payload
----------------------------------------------------------------------
]]></system-out>
  </testcase>
  <testcase name="POST - Create new news only fill 1 char in description payload" classname="Manage News Admin" time="0.657">
    <system-out><![CDATA[
Scenario: POST - Create new news only fill 1 char in description payload                  &amp#27;[90m# src/test/resources/features/adminManageNews.feature:27&amp#27;[0m
00:33:40.934 [main] DEBUG io.cucumber.core.plugin.SerenityReporter - Running feature from file:///C:/Users/WINDOWS%2010/Documents/GitHub/Capstone/sociops_qe_api/src/test/resources/features/adminManageNews.feature
00:33:40.939 [main] INFO  - 
  _____   ___   ___   _____     ___   _____     _     ___   _____   ___   ___  
 |_   _| | __| / __| |_   _|   / __| |_   _|   /_\   | _ \ |_   _| | __| |   \ 
   | |   | _|  \__ \   | |     \__ \   | |    / _ \  |   /   | |   | _|  | |) |
   |_|   |___| |___/   |_|     |___/   |_|   /_/ \_\ |_|_\   |_|   |___| |___/ 

POST - Create new news only fill 1 char in description payload(manage-news-admin;post---create-new-news-only-fill-1-char-in-description-payload)
--------------------------------------------------------------------------------
00:33:40.958 [main] DEBUG net.thucydides.core.steps.StepInterceptor - STARTING STEP: adminManageNewsSteps.setPostEpManageNews - I set POST api endpoints manage news admin
00:33:40.958 [main] DEBUG net.thucydides.core.steps.StepInterceptor - STEP DONE: I set POST api endpoints manage news admin
  &amp#27;[32mGiven &amp#27;[0m&amp#27;[32mI set POST api endpoints manage news admin&amp#27;[0m                                        &amp#27;[90m# starter.stepdefinitions.adminManageNewsSteps.setPostEpManageNews()&amp#27;[0m
00:33:40.963 [main] DEBUG net.thucydides.core.steps.StepInterceptor - STARTING STEP: adminManageNewsSteps.sendPostReqManageNewsA1CharDescription - I send POST HTTP request manage news admin only fill 1 char in description payload
00:33:40.965 [main] DEBUG net.thucydides.core.steps.StepInterceptor - STARTING STEP: adminManageNews.sendPostReqManageNewsA1CharDescription - I set POST api endpoints manage news admin
00:33:40.966 [main] DEBUG net.thucydides.core.steps.StepInterceptor - STEP DONE: I set POST api endpoints manage news admin
00:33:40.986 [main] DEBUG org.apache.http.impl.conn.BasicClientConnectionManager - Get connection for route {s}->https://sociops-backend-production.up.railway.app:443
00:33:40.986 [main] DEBUG org.apache.http.impl.conn.DefaultClientConnectionOperator - Connecting to sociops-backend-production.up.railway.app:443
00:33:41.383 [main] DEBUG org.apache.http.client.protocol.RequestAddCookies - CookieSpec selected: ignoreCookies
00:33:41.383 [main] DEBUG org.apache.http.client.protocol.RequestAuthCache - Auth cache not set in the context
00:33:41.383 [main] DEBUG org.apache.http.client.protocol.RequestProxyAuthentication - Proxy auth state: UNCHALLENGED
00:33:41.383 [main] DEBUG org.apache.http.impl.client.DefaultHttpClient - Attempt 1 to execute request
00:33:41.383 [main] DEBUG org.apache.http.impl.conn.DefaultClientConnection - Sending request: POST /news HTTP/1.1
00:33:41.383 [main] DEBUG org.apache.http.wire -  >> "POST /news HTTP/1.1[\r][\n]"
00:33:41.383 [main] DEBUG org.apache.http.wire -  >> "Authorization: Bearer eyJhbGciOiJIUzI1NiIsInR5cCI6IkpXVCJ9.eyJpZCI6IjI1IiwibmFtZSI6IkpvaG4gRG9lIiwicm9sZSI6IkFETUlOIiwiZXhwIjoxNjg3NTgzOTUwfQ.ajHiamQlvdpozXu9xIA2a7icSP0w9fjamZwndtTFqvY[\r][\n]"
00:33:41.384 [main] DEBUG org.apache.http.wire -  >> "Accept: */*[\r][\n]"
00:33:41.384 [main] DEBUG org.apache.http.wire -  >> "Content-Type: application/json[\r][\n]"
00:33:41.384 [main] DEBUG org.apache.http.wire -  >> "Content-Length: 52[\r][\n]"
00:33:41.384 [main] DEBUG org.apache.http.wire -  >> "Host: sociops-backend-production.up.railway.app[\r][\n]"
00:33:41.384 [main] DEBUG org.apache.http.wire -  >> "Connection: Keep-Alive[\r][\n]"
00:33:41.384 [main] DEBUG org.apache.http.wire -  >> "User-Agent: Apache-HttpClient/4.5.13 (Java/15.0.2)[\r][\n]"
00:33:41.384 [main] DEBUG org.apache.http.wire -  >> "Accept-Encoding: gzip,deflate[\r][\n]"
00:33:41.384 [main] DEBUG org.apache.http.wire -  >> "[\r][\n]"
00:33:41.384 [main] DEBUG org.apache.http.headers - >> POST /news HTTP/1.1
00:33:41.384 [main] DEBUG org.apache.http.headers - >> Authorization: Bearer eyJhbGciOiJIUzI1NiIsInR5cCI6IkpXVCJ9.eyJpZCI6IjI1IiwibmFtZSI6IkpvaG4gRG9lIiwicm9sZSI6IkFETUlOIiwiZXhwIjoxNjg3NTgzOTUwfQ.ajHiamQlvdpozXu9xIA2a7icSP0w9fjamZwndtTFqvY
00:33:41.384 [main] DEBUG org.apache.http.headers - >> Accept: */*
00:33:41.384 [main] DEBUG org.apache.http.headers - >> Content-Type: application/json
00:33:41.384 [main] DEBUG org.apache.http.headers - >> Content-Length: 52
00:33:41.384 [main] DEBUG org.apache.http.headers - >> Host: sociops-backend-production.up.railway.app
00:33:41.384 [main] DEBUG org.apache.http.headers - >> Connection: Keep-Alive
00:33:41.384 [main] DEBUG org.apache.http.headers - >> User-Agent: Apache-HttpClient/4.5.13 (Java/15.0.2)
00:33:41.384 [main] DEBUG org.apache.http.headers - >> Accept-Encoding: gzip,deflate
00:33:41.384 [main] DEBUG org.apache.http.wire -  >> "{"description":" ","title":"Seru!2 Salurkan Donasi"}"
00:33:41.574 [main] DEBUG org.apache.http.wire -  << "HTTP/1.1 400 Bad Request[\r][\n]"
00:33:41.574 [main] DEBUG org.apache.http.wire -  << "content-type: application/json; charset=UTF-8[\r][\n]"
00:33:41.574 [main] DEBUG org.apache.http.wire -  << "vary: Origin[\r][\n]"
00:33:41.574 [main] DEBUG org.apache.http.wire -  << "date: Fri, 23 Jun 2023 17:33:42 GMT[\r][\n]"
00:33:41.574 [main] DEBUG org.apache.http.wire -  << "content-length: 95[\r][\n]"
00:33:41.574 [main] DEBUG org.apache.http.wire -  << "server: railway[\r][\n]"
00:33:41.574 [main] DEBUG org.apache.http.wire -  << "[\r][\n]"
00:33:41.574 [main] DEBUG org.apache.http.impl.conn.DefaultClientConnection - Receiving response: HTTP/1.1 400 Bad Request
00:33:41.574 [main] DEBUG org.apache.http.headers - << HTTP/1.1 400 Bad Request
00:33:41.574 [main] DEBUG org.apache.http.headers - << content-type: application/json; charset=UTF-8
00:33:41.574 [main] DEBUG org.apache.http.headers - << vary: Origin
00:33:41.574 [main] DEBUG org.apache.http.headers - << date: Fri, 23 Jun 2023 17:33:42 GMT
00:33:41.574 [main] DEBUG org.apache.http.headers - << content-length: 95
00:33:41.574 [main] DEBUG org.apache.http.headers - << server: railway
00:33:41.575 [main] DEBUG org.apache.http.impl.client.DefaultHttpClient - Connection can be kept alive indefinitely
00:33:41.575 [main] DEBUG io.restassured.internal.RestAssuredHttpBuilder - Parsing response as: application/json; charset=UTF-8
00:33:41.575 [main] DEBUG io.restassured.internal.RestAssuredHttpBuilder - Parsed data to instance of: class org.apache.http.conn.EofSensorInputStream
00:33:41.576 [main] DEBUG org.apache.http.wire -  << "{"data":["Description is a required field"],"message":"ERROR_INPUT_VALIDATION","status":false}[\n]"
00:33:41.576 [main] DEBUG org.apache.http.impl.conn.BasicClientConnectionManager - Releasing connection org.apache.http.impl.conn.ManagedClientConnectionImpl@6a878778
00:33:41.576 [main] DEBUG org.apache.http.impl.conn.BasicClientConnectionManager - Connection can be kept alive indefinitely
00:33:41.577 [main] DEBUG net.thucydides.core.steps.StepInterceptor - STEP DONE: I send POST HTTP request manage news admin only fill 1 char in description payload
  &amp#27;[32mWhen &amp#27;[0m&amp#27;[32mI send POST HTTP request manage news admin only fill 1 char in description payload&amp#27;[0m &amp#27;[90m# starter.stepdefinitions.adminManageNewsSteps.sendPostReqManageNewsA1CharDescription()&amp#27;[0m
00:33:41.581 [main] DEBUG net.thucydides.core.steps.StepInterceptor - STARTING STEP: adminManageNewsSteps.response400ManageNewsA - I receive HTTP response code 400 manage news admin
00:33:41.582 [main] DEBUG net.thucydides.core.steps.StepInterceptor - STEP DONE: I receive HTTP response code 400 manage news admin
  &amp#27;[32mThen &amp#27;[0m&amp#27;[32mI receive HTTP response code 400 manage news admin&amp#27;[0m                                 &amp#27;[90m# starter.stepdefinitions.adminManageNewsSteps.response400ManageNewsA()&amp#27;[0m
00:33:41.584 [main] INFO  - 
  _____   ___   ___   _____     ___     _     ___   ___   ___   ___  
 |_   _| | __| / __| |_   _|   | _ \   /_\   / __| / __| | __| |   \ 
   | |   | _|  \__ \   | |     |  _/  / _ \  \__ \ \__ \ | _|  | |) |
   |_|   |___| |___/   |_|     |_|   /_/ \_\ |___/ |___/ |___| |___/ 

POST - Create new news only fill 1 char in description payload
----------------------------------------------------------------------
]]></system-out>
  </testcase>
  <testcase name="GET - All news" classname="Manage News Admin" time="0.659">
    <system-out><![CDATA[
Scenario: GET - All news                                  &amp#27;[90m# src/test/resources/features/adminManageNews.feature:32&amp#27;[0m
00:33:41.589 [main] DEBUG io.cucumber.core.plugin.SerenityReporter - Running feature from file:///C:/Users/WINDOWS%2010/Documents/GitHub/Capstone/sociops_qe_api/src/test/resources/features/adminManageNews.feature
00:33:41.593 [main] INFO  - 
  _____   ___   ___   _____     ___   _____     _     ___   _____   ___   ___  
 |_   _| | __| / __| |_   _|   / __| |_   _|   /_\   | _ \ |_   _| | __| |   \ 
   | |   | _|  \__ \   | |     \__ \   | |    / _ \  |   /   | |   | _|  | |) |
   |_|   |___| |___/   |_|     |___/   |_|   /_/ \_\ |_|_\   |_|   |___| |___/ 

GET - All news(manage-news-admin;get---all-news)
--------------------------------------------------------------------------------
00:33:41.604 [main] DEBUG net.thucydides.core.steps.StepInterceptor - STARTING STEP: adminManageNewsSteps.setGetEpAllNews - I set GET api endpoints all news
00:33:41.605 [main] DEBUG net.thucydides.core.steps.StepInterceptor - STEP DONE: I set GET api endpoints all news
  &amp#27;[32mGiven &amp#27;[0m&amp#27;[32mI set GET api endpoints all news&amp#27;[0m                  &amp#27;[90m# starter.stepdefinitions.adminManageNewsSteps.setGetEpAllNews()&amp#27;[0m
00:33:41.608 [main] DEBUG net.thucydides.core.steps.StepInterceptor - STARTING STEP: adminManageNewsSteps.sendGetReqAllNews - I send GET HTTP request all news
00:33:41.610 [main] DEBUG net.thucydides.core.steps.StepInterceptor - STARTING STEP: adminManageNews.sendGetReqAllNews - I set GET api endpoints all news
00:33:41.610 [main] DEBUG net.thucydides.core.steps.StepInterceptor - STEP DONE: I set GET api endpoints all news
00:33:41.644 [main] DEBUG org.apache.http.impl.conn.BasicClientConnectionManager - Get connection for route {s}->https://sociops-backend-production.up.railway.app:443
00:33:41.644 [main] DEBUG org.apache.http.impl.conn.DefaultClientConnectionOperator - Connecting to sociops-backend-production.up.railway.app:443
00:33:42.035 [main] DEBUG org.apache.http.client.protocol.RequestAddCookies - CookieSpec selected: ignoreCookies
00:33:42.036 [main] DEBUG org.apache.http.client.protocol.RequestAuthCache - Auth cache not set in the context
00:33:42.036 [main] DEBUG org.apache.http.client.protocol.RequestProxyAuthentication - Proxy auth state: UNCHALLENGED
00:33:42.036 [main] DEBUG org.apache.http.impl.client.DefaultHttpClient - Attempt 1 to execute request
00:33:42.036 [main] DEBUG org.apache.http.impl.conn.DefaultClientConnection - Sending request: GET /news?page=1 HTTP/1.1
00:33:42.036 [main] DEBUG org.apache.http.wire -  >> "GET /news?page=1 HTTP/1.1[\r][\n]"
00:33:42.036 [main] DEBUG org.apache.http.wire -  >> "Authorization: Bearer eyJhbGciOiJIUzI1NiIsInR5cCI6IkpXVCJ9.eyJpZCI6IjI1IiwibmFtZSI6IkpvaG4gRG9lIiwicm9sZSI6IkFETUlOIiwiZXhwIjoxNjg3NTgzOTUwfQ.ajHiamQlvdpozXu9xIA2a7icSP0w9fjamZwndtTFqvY[\r][\n]"
00:33:42.036 [main] DEBUG org.apache.http.wire -  >> "Accept: */*[\r][\n]"
00:33:42.036 [main] DEBUG org.apache.http.wire -  >> "Host: sociops-backend-production.up.railway.app[\r][\n]"
00:33:42.036 [main] DEBUG org.apache.http.wire -  >> "Connection: Keep-Alive[\r][\n]"
00:33:42.036 [main] DEBUG org.apache.http.wire -  >> "User-Agent: Apache-HttpClient/4.5.13 (Java/15.0.2)[\r][\n]"
00:33:42.036 [main] DEBUG org.apache.http.wire -  >> "Accept-Encoding: gzip,deflate[\r][\n]"
00:33:42.036 [main] DEBUG org.apache.http.wire -  >> "[\r][\n]"
00:33:42.036 [main] DEBUG org.apache.http.headers - >> GET /news?page=1 HTTP/1.1
00:33:42.036 [main] DEBUG org.apache.http.headers - >> Authorization: Bearer eyJhbGciOiJIUzI1NiIsInR5cCI6IkpXVCJ9.eyJpZCI6IjI1IiwibmFtZSI6IkpvaG4gRG9lIiwicm9sZSI6IkFETUlOIiwiZXhwIjoxNjg3NTgzOTUwfQ.ajHiamQlvdpozXu9xIA2a7icSP0w9fjamZwndtTFqvY
00:33:42.036 [main] DEBUG org.apache.http.headers - >> Accept: */*
00:33:42.036 [main] DEBUG org.apache.http.headers - >> Host: sociops-backend-production.up.railway.app
00:33:42.036 [main] DEBUG org.apache.http.headers - >> Connection: Keep-Alive
00:33:42.036 [main] DEBUG org.apache.http.headers - >> User-Agent: Apache-HttpClient/4.5.13 (Java/15.0.2)
00:33:42.036 [main] DEBUG org.apache.http.headers - >> Accept-Encoding: gzip,deflate
00:33:42.230 [main] DEBUG org.apache.http.wire -  << "HTTP/1.1 200 OK[\r][\n]"
00:33:42.230 [main] DEBUG org.apache.http.wire -  << "content-type: application/json; charset=UTF-8[\r][\n]"
00:33:42.230 [main] DEBUG org.apache.http.wire -  << "vary: Origin[\r][\n]"
00:33:42.230 [main] DEBUG org.apache.http.wire -  << "date: Fri, 23 Jun 2023 17:33:43 GMT[\r][\n]"
00:33:42.230 [main] DEBUG org.apache.http.wire -  << "server: railway[\r][\n]"
00:33:42.230 [main] DEBUG org.apache.http.wire -  << "transfer-encoding: chunked[\r][\n]"
00:33:42.230 [main] DEBUG org.apache.http.wire -  << "[\r][\n]"
00:33:42.230 [main] DEBUG org.apache.http.impl.conn.DefaultClientConnection - Receiving response: HTTP/1.1 200 OK
00:33:42.230 [main] DEBUG org.apache.http.headers - << HTTP/1.1 200 OK
00:33:42.230 [main] DEBUG org.apache.http.headers - << content-type: application/json; charset=UTF-8
00:33:42.230 [main] DEBUG org.apache.http.headers - << vary: Origin
00:33:42.230 [main] DEBUG org.apache.http.headers - << date: Fri, 23 Jun 2023 17:33:43 GMT
00:33:42.230 [main] DEBUG org.apache.http.headers - << server: railway
00:33:42.230 [main] DEBUG org.apache.http.headers - << transfer-encoding: chunked
00:33:42.232 [main] DEBUG org.apache.http.impl.client.DefaultHttpClient - Connection can be kept alive indefinitely
00:33:42.232 [main] DEBUG io.restassured.internal.RestAssuredHttpBuilder - Parsing response as: application/json; charset=UTF-8
00:33:42.232 [main] DEBUG io.restassured.internal.RestAssuredHttpBuilder - Parsed data to instance of: class org.apache.http.conn.EofSensorInputStream
00:33:42.232 [main] DEBUG org.apache.http.wire -  << "10e1[\r][\n]"
00:33:42.233 [main] DEBUG org.apache.http.wire -  << "{"data":[{"author":"Wildan R","category_id":null,"category_name":"","created_at":"2023-05-29T13:48:40.259Z","description":"Mencoba mencoba mencoba mencoba","id":64,"photo_url":"https://firebasestorage.googleapis.com/v0/b/sociops-5362c.appspot.com/o/images%2Fmaxresdefault.jpg?alt=media\u0026token=e8ca18ab-dc61-4b9c-927d-e874d462ff85","title":"Berita mencoba","updated_at":"2023-06-18T13:48:40.259Z"},{"author":"Wildan R","category_id":null,"category_name":"","created_at":"2023-05-30T14:03:33.972Z","description":"Eka Bayu Alvian Wildan Yahoo","id":65,"photo_url":"https://firebasestorage.googleapis.com/v0/b/sociops-5362c.appspot.com/o/images%2Fmaxresdefault.jpg?alt=media\u0026token=0ccfefab-f869-4537-b960-4053497f24d7","title":"Eka Bayu Alvian","updated_at":"2023-06-18T14:03:33.972Z"},{"author":"Wildan R","category_id":null,"category_name":"","created_at":"2023-05-31T14:12:05.332Z","description":"Alvian bayu membuat berita","id":66,"photo_url":"https://firebasestorage.googleapis.com/v0/b/sociops-5362c.appspot.com/o/images%2Fmaxresdefault.jpg?alt=media\u0026token=e1e5309c-b723-453f-98fe-b142bba8c440","title":"Alvian bayu","updated_at":"2023-06-18T14:12:05.332Z"},{"author":"Wildan R","category_id":null,"category_name":"","created_at":"2023-06-01T12:45:51.775Z","description":"xsaxsaxasxasx sdasdsadjklaj jksdjsaajdaklsjd kljdajsdkajljdkasdjla kjskldjasjdakjdsljaldjalsj dsadasdasda sdaddasdasd","id":73,"photo_url":"https://firebasestorage.googleapis.com/v0/b/sociops-5362c.appspot.com/o/images%2FYoimiya.png?alt=media\u0026token=cf93c9e8-7be9-4172-bda1-685cee5b50d5","title":"Mengerjakan Mini Project Ssasasasa sadasdasdsadasdasd","updated_at":"2023-06-19T12:45:51.775Z"},{"author":"SkilledUp Life","category_id":1,"category_name":"Pendidikan","created_at":"2023-06-02T22:57:36.377Z","description":"hhhhhhhhhhh: Lorem ipsum dolor sit amet, consectetur adipiscing elit, sed do eiusmod tempor incididunt ut labore et dolore magna aliqua.","id":83,"photo_url":"https://via.placeholder.com/1500","title":"lorem Ipsum","updated_at":"2023-06-21T22:57:36.377Z"},{"author":"Wildan R","category_id":null,"category_name":"","created_at":"2023-06-03T09:27:37.418Z","description":"Lorem ipsum dolor sit amet consectetur, adipisicing elit. Voluptate rem ducimus qui aliquid fugit ratione totam officia eligendi magni doloribus?","id":85,"photo_url":"https://firebasestorage.googleapis.com/v0/b/sociops-5362c.appspot.com/o/images%2FScreenshot%20(105).png?alt=media\u0026token=63609d2a-0e71-4a77-808c-e577929933c5","title":"Mabar bareng Honkai Star Rail","updated_at":"2023-06-22T09:27:37.418Z"},{"author":"Wildan R","category_id":null,"category_name":"","created_at":"2023-06-04T13:48:40.259Z","description":"Mencoba mencoba mencoba mencoba","id":86,"photo_url":"https://firebasestorage.googleapis.com/v0/b/sociops-5362c.appspot.com/o/images%2Fmaxresdefault.jpg?alt=media\u0026token=e8ca18ab-dc61-4b9c-927d-e874d462ff85","title":"Berita mencoba","updated_at":"2023-06-18T13:48:40.259Z"},{"author":"Wildan R","category_id":null,"category_name":"","created_at":"2023-06-05T14:03:33.972Z","description":"Eka Bayu Alvian Wildan Yahoo","id":87,"photo_url":"https://firebasestorage.googleapis.com/v0/b/sociops-5362c.appspot.com/o/images%2Fmaxresdefault.jpg?alt=media\u0026token=0ccfefab-f869-4537-b960-4053497f24d7","title":"Eka Bayu Alvian","updated_at":"2023-06-18T14:03:33.972Z"},{"author":"Wildan R","category_id":null,"category_name":"","created_at":"2023-06-07T14:12:05.332Z","description":"Alvian bayu membuat berita","id":88,"photo_url":"https://firebasestorage.googleapis.com/v0/b/sociops-5362c.appspot.com/o/images%2Fmaxresdefault.jpg?alt=media\u0026token=e1e5309c-b723-453f-98fe-b142bba8c440","title":"Alvian bayu","updated_at":"2023-06-18T14:12:05.332Z"},{"author":"Wildan R","category_id":null,"category_name":"","created_at":"2023-06-08T12:45:51.775Z","description":"xsaxsaxasxasx sdasdsadjklaj jksdjsaajdaklsjd kljdajsdkajljdkasdjla kjskldjasjdakjdsljaldjalsj dsadasdasda sdaddasdasd","id":89,"photo_url":"https://firebasestorage.googleapis.com/v0/b/sociops-5362c.appspot.com/o/images%2FYoimiya.png?alt=media\u0026token=cf93c9e8-7be9-4172-bda1-685cee5b50d5","title":"Mengerjakan Mini Project Ssasasasa sadasdasdsadasdasd","updated_at":"2023-06-19T12:45:51.775Z"}],"message":"SUCCESS_GET_ALL_NEWS","status":true}[\n]"
00:33:42.233 [main] DEBUG org.apache.http.wire -  << "[\r][\n]"
00:33:42.233 [main] DEBUG org.apache.http.wire -  << "0[\r][\n]"
00:33:42.233 [main] DEBUG org.apache.http.wire -  << "[\r][\n]"
00:33:42.233 [main] DEBUG org.apache.http.impl.conn.BasicClientConnectionManager - Releasing connection org.apache.http.impl.conn.ManagedClientConnectionImpl@45cb5307
00:33:42.233 [main] DEBUG org.apache.http.impl.conn.BasicClientConnectionManager - Connection can be kept alive indefinitely
00:33:42.237 [main] DEBUG net.thucydides.core.steps.StepInterceptor - STEP DONE: I send GET HTTP request all news
  &amp#27;[32mWhen &amp#27;[0m&amp#27;[32mI send GET HTTP request all news&amp#27;[0m                   &amp#27;[90m# starter.stepdefinitions.adminManageNewsSteps.sendGetReqAllNews()&amp#27;[0m
00:33:42.240 [main] DEBUG net.thucydides.core.steps.StepInterceptor - STARTING STEP: adminManageNewsSteps.response200ManageNewsA - I receive HTTP response code 200 manage news admin
00:33:42.241 [main] DEBUG net.thucydides.core.steps.StepInterceptor - STEP DONE: I receive HTTP response code 200 manage news admin
  &amp#27;[32mThen &amp#27;[0m&amp#27;[32mI receive HTTP response code 200 manage news admin&amp#27;[0m &amp#27;[90m# starter.stepdefinitions.adminManageNewsSteps.response200ManageNewsA()&amp#27;[0m
00:33:42.243 [main] INFO  - 
  _____   ___   ___   _____     ___     _     ___   ___   ___   ___  
 |_   _| | __| / __| |_   _|   | _ \   /_\   / __| / __| | __| |   \ 
   | |   | _|  \__ \   | |     |  _/  / _ \  \__ \ \__ \ | _|  | |) |
   |_|   |___| |___/   |_|     |_|   /_/ \_\ |___/ |___/ |___| |___/ 

GET - All news
----------------------------------------------------------------------
]]></system-out>
  </testcase>
  <testcase name="GET - News by ID" classname="Manage News Admin" time="0.638">
    <system-out><![CDATA[
Scenario: GET - News by ID                                &amp#27;[90m# src/test/resources/features/adminManageNews.feature:37&amp#27;[0m
00:33:42.249 [main] DEBUG io.cucumber.core.plugin.SerenityReporter - Running feature from file:///C:/Users/WINDOWS%2010/Documents/GitHub/Capstone/sociops_qe_api/src/test/resources/features/adminManageNews.feature
00:33:42.254 [main] INFO  - 
  _____   ___   ___   _____     ___   _____     _     ___   _____   ___   ___  
 |_   _| | __| / __| |_   _|   / __| |_   _|   /_\   | _ \ |_   _| | __| |   \ 
   | |   | _|  \__ \   | |     \__ \   | |    / _ \  |   /   | |   | _|  | |) |
   |_|   |___| |___/   |_|     |___/   |_|   /_/ \_\ |_|_\   |_|   |___| |___/ 

GET - News by ID(manage-news-admin;get---news-by-id)
--------------------------------------------------------------------------------
00:33:42.275 [main] DEBUG net.thucydides.core.steps.StepInterceptor - STARTING STEP: adminManageNewsSteps.setGetEpNewsByID - I set GET api endpoints news by id
00:33:42.275 [Finalizer] DEBUG org.apache.http.impl.conn.DefaultClientConnection - Connection 0.0.0.0:63723<->104.196.232.237:443 closed
00:33:42.275 [main] DEBUG net.thucydides.core.steps.StepInterceptor - STEP DONE: I set GET api endpoints news by id
  &amp#27;[32mGiven &amp#27;[0m&amp#27;[32mI set GET api endpoints news by id&amp#27;[0m                &amp#27;[90m# starter.stepdefinitions.adminManageNewsSteps.setGetEpNewsByID()&amp#27;[0m
00:33:42.277 [Finalizer] DEBUG org.apache.http.impl.conn.DefaultClientConnection - Connection 0.0.0.0:63726<->104.196.232.237:443 closed
00:33:42.277 [Finalizer] DEBUG org.apache.http.impl.conn.DefaultClientConnection - Connection 0.0.0.0:63727<->104.196.232.237:443 closed
00:33:42.280 [main] DEBUG net.thucydides.core.steps.StepInterceptor - STARTING STEP: adminManageNewsSteps.sendGetReqNewsByID - I send GET HTTP request new by id
00:33:42.281 [main] DEBUG net.thucydides.core.steps.StepInterceptor - STARTING STEP: adminManageNews.sendGetReqNewsByID - I set GET api endpoints news by id
00:33:42.282 [main] DEBUG net.thucydides.core.steps.StepInterceptor - STEP DONE: I set GET api endpoints news by id
00:33:42.297 [main] DEBUG org.apache.http.impl.conn.BasicClientConnectionManager - Get connection for route {s}->https://sociops-backend-production.up.railway.app:443
00:33:42.297 [main] DEBUG org.apache.http.impl.conn.DefaultClientConnectionOperator - Connecting to sociops-backend-production.up.railway.app:443
00:33:42.683 [main] DEBUG org.apache.http.client.protocol.RequestAddCookies - CookieSpec selected: ignoreCookies
00:33:42.684 [main] DEBUG org.apache.http.client.protocol.RequestAuthCache - Auth cache not set in the context
00:33:42.684 [main] DEBUG org.apache.http.client.protocol.RequestProxyAuthentication - Proxy auth state: UNCHALLENGED
00:33:42.684 [main] DEBUG org.apache.http.impl.client.DefaultHttpClient - Attempt 1 to execute request
00:33:42.684 [main] DEBUG org.apache.http.impl.conn.DefaultClientConnection - Sending request: GET /news/100 HTTP/1.1
00:33:42.684 [main] DEBUG org.apache.http.wire -  >> "GET /news/100 HTTP/1.1[\r][\n]"
00:33:42.684 [main] DEBUG org.apache.http.wire -  >> "Authorization: Bearer eyJhbGciOiJIUzI1NiIsInR5cCI6IkpXVCJ9.eyJpZCI6IjI1IiwibmFtZSI6IkpvaG4gRG9lIiwicm9sZSI6IkFETUlOIiwiZXhwIjoxNjg3NTgzOTUwfQ.ajHiamQlvdpozXu9xIA2a7icSP0w9fjamZwndtTFqvY[\r][\n]"
00:33:42.684 [main] DEBUG org.apache.http.wire -  >> "Accept: */*[\r][\n]"
00:33:42.684 [main] DEBUG org.apache.http.wire -  >> "Host: sociops-backend-production.up.railway.app[\r][\n]"
00:33:42.684 [main] DEBUG org.apache.http.wire -  >> "Connection: Keep-Alive[\r][\n]"
00:33:42.684 [main] DEBUG org.apache.http.wire -  >> "User-Agent: Apache-HttpClient/4.5.13 (Java/15.0.2)[\r][\n]"
00:33:42.684 [main] DEBUG org.apache.http.wire -  >> "Accept-Encoding: gzip,deflate[\r][\n]"
00:33:42.684 [main] DEBUG org.apache.http.wire -  >> "[\r][\n]"
00:33:42.684 [main] DEBUG org.apache.http.headers - >> GET /news/100 HTTP/1.1
00:33:42.684 [main] DEBUG org.apache.http.headers - >> Authorization: Bearer eyJhbGciOiJIUzI1NiIsInR5cCI6IkpXVCJ9.eyJpZCI6IjI1IiwibmFtZSI6IkpvaG4gRG9lIiwicm9sZSI6IkFETUlOIiwiZXhwIjoxNjg3NTgzOTUwfQ.ajHiamQlvdpozXu9xIA2a7icSP0w9fjamZwndtTFqvY
00:33:42.684 [main] DEBUG org.apache.http.headers - >> Accept: */*
00:33:42.684 [main] DEBUG org.apache.http.headers - >> Host: sociops-backend-production.up.railway.app
00:33:42.684 [main] DEBUG org.apache.http.headers - >> Connection: Keep-Alive
00:33:42.684 [main] DEBUG org.apache.http.headers - >> User-Agent: Apache-HttpClient/4.5.13 (Java/15.0.2)
00:33:42.684 [main] DEBUG org.apache.http.headers - >> Accept-Encoding: gzip,deflate
00:33:42.874 [main] DEBUG org.apache.http.wire -  << "HTTP/1.1 200 OK[\r][\n]"
00:33:42.874 [main] DEBUG org.apache.http.wire -  << "content-type: application/json; charset=UTF-8[\r][\n]"
00:33:42.874 [main] DEBUG org.apache.http.wire -  << "vary: Origin[\r][\n]"
00:33:42.874 [main] DEBUG org.apache.http.wire -  << "date: Fri, 23 Jun 2023 17:33:43 GMT[\r][\n]"
00:33:42.874 [main] DEBUG org.apache.http.wire -  << "content-length: 481[\r][\n]"
00:33:42.874 [main] DEBUG org.apache.http.wire -  << "server: railway[\r][\n]"
00:33:42.874 [main] DEBUG org.apache.http.wire -  << "[\r][\n]"
00:33:42.874 [main] DEBUG org.apache.http.impl.conn.DefaultClientConnection - Receiving response: HTTP/1.1 200 OK
00:33:42.874 [main] DEBUG org.apache.http.headers - << HTTP/1.1 200 OK
00:33:42.874 [main] DEBUG org.apache.http.headers - << content-type: application/json; charset=UTF-8
00:33:42.874 [main] DEBUG org.apache.http.headers - << vary: Origin
00:33:42.874 [main] DEBUG org.apache.http.headers - << date: Fri, 23 Jun 2023 17:33:43 GMT
00:33:42.874 [main] DEBUG org.apache.http.headers - << content-length: 481
00:33:42.874 [main] DEBUG org.apache.http.headers - << server: railway
00:33:42.874 [main] DEBUG org.apache.http.impl.client.DefaultHttpClient - Connection can be kept alive indefinitely
00:33:42.875 [main] DEBUG io.restassured.internal.RestAssuredHttpBuilder - Parsing response as: application/json; charset=UTF-8
00:33:42.875 [main] DEBUG io.restassured.internal.RestAssuredHttpBuilder - Parsed data to instance of: class org.apache.http.conn.EofSensorInputStream
00:33:42.875 [main] DEBUG org.apache.http.wire -  << "{"data":{"author":"Wildan R","category_id":null,"category_name":"","created_at":"2023-06-23T07:11:38.611Z","description":"tyesstyesstyesstyesstyesstyesstyess","id":100,"photo_url":"https://firebasestorage.googleapis.com/v0/b/sociops-5362c.appspot.com/o/images%2Fstephen-hawkingjpg-20210806073530.jpg?alt=media\u0026token=3b116f1a-9bec-4dab-b77d-a9b2bdd09b2d","title":"tyesstyesstyesstyess","updated_at":"2023-06-23T07:11:38.611Z"},"message":"SUCCESS_GET_NEWS_BY_ID","status":true}[\n]"
00:33:42.875 [main] DEBUG org.apache.http.impl.conn.BasicClientConnectionManager - Releasing connection org.apache.http.impl.conn.ManagedClientConnectionImpl@6df87ffd
00:33:42.875 [main] DEBUG org.apache.http.impl.conn.BasicClientConnectionManager - Connection can be kept alive indefinitely
00:33:42.876 [main] DEBUG net.thucydides.core.steps.StepInterceptor - STEP DONE: I send GET HTTP request new by id
  &amp#27;[32mWhen &amp#27;[0m&amp#27;[32mI send GET HTTP request new by id&amp#27;[0m                  &amp#27;[90m# starter.stepdefinitions.adminManageNewsSteps.sendGetReqNewsByID()&amp#27;[0m
00:33:42.880 [main] DEBUG net.thucydides.core.steps.StepInterceptor - STARTING STEP: adminManageNewsSteps.response200ManageNewsA - I receive HTTP response code 200 manage news admin
00:33:42.881 [main] DEBUG net.thucydides.core.steps.StepInterceptor - STEP DONE: I receive HTTP response code 200 manage news admin
  &amp#27;[32mThen &amp#27;[0m&amp#27;[32mI receive HTTP response code 200 manage news admin&amp#27;[0m &amp#27;[90m# starter.stepdefinitions.adminManageNewsSteps.response200ManageNewsA()&amp#27;[0m
00:33:42.883 [main] INFO  - 
  _____   ___   ___   _____     ___     _     ___   ___   ___   ___  
 |_   _| | __| / __| |_   _|   | _ \   /_\   / __| / __| | __| |   \ 
   | |   | _|  \__ \   | |     |  _/  / _ \  \__ \ \__ \ | _|  | |) |
   |_|   |___| |___/   |_|     |_|   /_/ \_\ |___/ |___/ |___| |___/ 

GET - News by ID
----------------------------------------------------------------------
]]></system-out>
  </testcase>
  <testcase name="GET - News by out of bound ID" classname="Manage News Admin" time="0.631">
    <system-out><![CDATA[
Scenario: GET - News by out of bound ID                   &amp#27;[90m# src/test/resources/features/adminManageNews.feature:42&amp#27;[0m
00:33:42.887 [main] DEBUG io.cucumber.core.plugin.SerenityReporter - Running feature from file:///C:/Users/WINDOWS%2010/Documents/GitHub/Capstone/sociops_qe_api/src/test/resources/features/adminManageNews.feature
00:33:42.892 [main] INFO  - 
  _____   ___   ___   _____     ___   _____     _     ___   _____   ___   ___  
 |_   _| | __| / __| |_   _|   / __| |_   _|   /_\   | _ \ |_   _| | __| |   \ 
   | |   | _|  \__ \   | |     \__ \   | |    / _ \  |   /   | |   | _|  | |) |
   |_|   |___| |___/   |_|     |___/   |_|   /_/ \_\ |_|_\   |_|   |___| |___/ 

GET - News by out of bound ID(manage-news-admin;get---news-by-out-of-bound-id)
--------------------------------------------------------------------------------
00:33:42.908 [main] DEBUG net.thucydides.core.steps.StepInterceptor - STARTING STEP: adminManageNewsSteps.setGetEpNewsByOutOfBoundID - I set GET api endpoints news by out of bound ID
00:33:42.908 [main] DEBUG net.thucydides.core.steps.StepInterceptor - STEP DONE: I set GET api endpoints news by out of bound ID
  &amp#27;[32mGiven &amp#27;[0m&amp#27;[32mI set GET api endpoints news by out of bound id&amp#27;[0m   &amp#27;[90m# starter.stepdefinitions.adminManageNewsSteps.setGetEpNewsByOutOfBoundID()&amp#27;[0m
00:33:42.915 [main] DEBUG net.thucydides.core.steps.StepInterceptor - STARTING STEP: adminManageNewsSteps.sendGetReqNewsByOutOfBoundID - I send GET HTTP request new by out of bound id
00:33:42.917 [main] DEBUG net.thucydides.core.steps.StepInterceptor - STARTING STEP: adminManageNews.sendGetReqNewsByOutOfBoundID - I set GET api endpoints news by out of bound ID
00:33:42.917 [main] DEBUG net.thucydides.core.steps.StepInterceptor - STEP DONE: I set GET api endpoints news by out of bound ID
00:33:42.929 [main] DEBUG org.apache.http.impl.conn.BasicClientConnectionManager - Get connection for route {s}->https://sociops-backend-production.up.railway.app:443
00:33:42.929 [main] DEBUG org.apache.http.impl.conn.DefaultClientConnectionOperator - Connecting to sociops-backend-production.up.railway.app:443
00:33:43.316 [main] DEBUG org.apache.http.client.protocol.RequestAddCookies - CookieSpec selected: ignoreCookies
00:33:43.316 [main] DEBUG org.apache.http.client.protocol.RequestAuthCache - Auth cache not set in the context
00:33:43.316 [main] DEBUG org.apache.http.client.protocol.RequestProxyAuthentication - Proxy auth state: UNCHALLENGED
00:33:43.316 [main] DEBUG org.apache.http.impl.client.DefaultHttpClient - Attempt 1 to execute request
00:33:43.316 [main] DEBUG org.apache.http.impl.conn.DefaultClientConnection - Sending request: GET /news/1600 HTTP/1.1
00:33:43.316 [main] DEBUG org.apache.http.wire -  >> "GET /news/1600 HTTP/1.1[\r][\n]"
00:33:43.316 [main] DEBUG org.apache.http.wire -  >> "Authorization: Bearer eyJhbGciOiJIUzI1NiIsInR5cCI6IkpXVCJ9.eyJpZCI6IjI1IiwibmFtZSI6IkpvaG4gRG9lIiwicm9sZSI6IkFETUlOIiwiZXhwIjoxNjg3NTgzOTUwfQ.ajHiamQlvdpozXu9xIA2a7icSP0w9fjamZwndtTFqvY[\r][\n]"
00:33:43.316 [main] DEBUG org.apache.http.wire -  >> "Accept: */*[\r][\n]"
00:33:43.316 [main] DEBUG org.apache.http.wire -  >> "Host: sociops-backend-production.up.railway.app[\r][\n]"
00:33:43.316 [main] DEBUG org.apache.http.wire -  >> "Connection: Keep-Alive[\r][\n]"
00:33:43.316 [main] DEBUG org.apache.http.wire -  >> "User-Agent: Apache-HttpClient/4.5.13 (Java/15.0.2)[\r][\n]"
00:33:43.316 [main] DEBUG org.apache.http.wire -  >> "Accept-Encoding: gzip,deflate[\r][\n]"
00:33:43.316 [main] DEBUG org.apache.http.wire -  >> "[\r][\n]"
00:33:43.316 [main] DEBUG org.apache.http.headers - >> GET /news/1600 HTTP/1.1
00:33:43.316 [main] DEBUG org.apache.http.headers - >> Authorization: Bearer eyJhbGciOiJIUzI1NiIsInR5cCI6IkpXVCJ9.eyJpZCI6IjI1IiwibmFtZSI6IkpvaG4gRG9lIiwicm9sZSI6IkFETUlOIiwiZXhwIjoxNjg3NTgzOTUwfQ.ajHiamQlvdpozXu9xIA2a7icSP0w9fjamZwndtTFqvY
00:33:43.316 [main] DEBUG org.apache.http.headers - >> Accept: */*
00:33:43.316 [main] DEBUG org.apache.http.headers - >> Host: sociops-backend-production.up.railway.app
00:33:43.316 [main] DEBUG org.apache.http.headers - >> Connection: Keep-Alive
00:33:43.316 [main] DEBUG org.apache.http.headers - >> User-Agent: Apache-HttpClient/4.5.13 (Java/15.0.2)
00:33:43.316 [main] DEBUG org.apache.http.headers - >> Accept-Encoding: gzip,deflate
00:33:43.507 [main] DEBUG org.apache.http.wire -  << "HTTP/1.1 404 Not Found[\r][\n]"
00:33:43.507 [main] DEBUG org.apache.http.wire -  << "content-type: application/json; charset=UTF-8[\r][\n]"
00:33:43.507 [main] DEBUG org.apache.http.wire -  << "vary: Origin[\r][\n]"
00:33:43.507 [main] DEBUG org.apache.http.wire -  << "date: Fri, 23 Jun 2023 17:33:44 GMT[\r][\n]"
00:33:43.507 [main] DEBUG org.apache.http.wire -  << "content-length: 76[\r][\n]"
00:33:43.507 [main] DEBUG org.apache.http.wire -  << "server: railway[\r][\n]"
00:33:43.507 [main] DEBUG org.apache.http.wire -  << "[\r][\n]"
00:33:43.507 [main] DEBUG org.apache.http.impl.conn.DefaultClientConnection - Receiving response: HTTP/1.1 404 Not Found
00:33:43.507 [main] DEBUG org.apache.http.headers - << HTTP/1.1 404 Not Found
00:33:43.507 [main] DEBUG org.apache.http.headers - << content-type: application/json; charset=UTF-8
00:33:43.507 [main] DEBUG org.apache.http.headers - << vary: Origin
00:33:43.507 [main] DEBUG org.apache.http.headers - << date: Fri, 23 Jun 2023 17:33:44 GMT
00:33:43.507 [main] DEBUG org.apache.http.headers - << content-length: 76
00:33:43.507 [main] DEBUG org.apache.http.headers - << server: railway
00:33:43.507 [main] DEBUG org.apache.http.impl.client.DefaultHttpClient - Connection can be kept alive indefinitely
00:33:43.508 [main] DEBUG io.restassured.internal.RestAssuredHttpBuilder - Parsing response as: application/json; charset=UTF-8
00:33:43.508 [main] DEBUG io.restassured.internal.RestAssuredHttpBuilder - Parsed data to instance of: class org.apache.http.conn.EofSensorInputStream
00:33:43.509 [main] DEBUG org.apache.http.wire -  << "{"data":"record not found","message":"ERROR_NEWS_NOT_FOUND","status":false}[\n]"
00:33:43.509 [main] DEBUG org.apache.http.impl.conn.BasicClientConnectionManager - Releasing connection org.apache.http.impl.conn.ManagedClientConnectionImpl@2586e878
00:33:43.509 [main] DEBUG org.apache.http.impl.conn.BasicClientConnectionManager - Connection can be kept alive indefinitely
00:33:43.509 [main] DEBUG net.thucydides.core.steps.StepInterceptor - STEP DONE: I send GET HTTP request new by out of bound id
  &amp#27;[32mWhen &amp#27;[0m&amp#27;[32mI send GET HTTP request new by out of bound id&amp#27;[0m     &amp#27;[90m# starter.stepdefinitions.adminManageNewsSteps.sendGetReqNewsByOutOfBoundID()&amp#27;[0m
00:33:43.512 [main] DEBUG net.thucydides.core.steps.StepInterceptor - STARTING STEP: adminManageNewsSteps.response404ManageNewsA - I receive HTTP response code 404 manage news admin
00:33:43.512 [main] DEBUG net.thucydides.core.steps.StepInterceptor - STEP DONE: I receive HTTP response code 404 manage news admin
  &amp#27;[32mThen &amp#27;[0m&amp#27;[32mI receive HTTP response code 404 manage news admin&amp#27;[0m &amp#27;[90m# starter.stepdefinitions.adminManageNewsSteps.response404ManageNewsA()&amp#27;[0m
00:33:43.514 [main] INFO  - 
  _____   ___   ___   _____     ___     _     ___   ___   ___   ___  
 |_   _| | __| / __| |_   _|   | _ \   /_\   / __| / __| | __| |   \ 
   | |   | _|  \__ \   | |     |  _/  / _ \  \__ \ \__ \ | _|  | |) |
   |_|   |___| |___/   |_|     |_|   /_/ \_\ |___/ |___/ |___| |___/ 

GET - News by out of bound ID
----------------------------------------------------------------------
]]></system-out>
  </testcase>
  <testcase name="GET - News by invalid ID" classname="Manage News Admin" time="0.62">
    <system-out><![CDATA[
Scenario: GET - News by invalid ID                        &amp#27;[90m# src/test/resources/features/adminManageNews.feature:47&amp#27;[0m
00:33:43.519 [main] DEBUG io.cucumber.core.plugin.SerenityReporter - Running feature from file:///C:/Users/WINDOWS%2010/Documents/GitHub/Capstone/sociops_qe_api/src/test/resources/features/adminManageNews.feature
00:33:43.523 [main] INFO  - 
  _____   ___   ___   _____     ___   _____     _     ___   _____   ___   ___  
 |_   _| | __| / __| |_   _|   / __| |_   _|   /_\   | _ \ |_   _| | __| |   \ 
   | |   | _|  \__ \   | |     \__ \   | |    / _ \  |   /   | |   | _|  | |) |
   |_|   |___| |___/   |_|     |___/   |_|   /_/ \_\ |_|_\   |_|   |___| |___/ 

GET - News by invalid ID(manage-news-admin;get---news-by-invalid-id)
--------------------------------------------------------------------------------
00:33:43.533 [main] DEBUG net.thucydides.core.steps.StepInterceptor - STARTING STEP: adminManageNewsSteps.setGetEpNewsByInvalidID - I set GET api endpoints news by invalid ID
00:33:43.533 [main] DEBUG net.thucydides.core.steps.StepInterceptor - STEP DONE: I set GET api endpoints news by invalid ID
  &amp#27;[32mGiven &amp#27;[0m&amp#27;[32mI set GET api endpoints news by invalid id&amp#27;[0m        &amp#27;[90m# starter.stepdefinitions.adminManageNewsSteps.setGetEpNewsByInvalidID()&amp#27;[0m
00:33:43.537 [main] DEBUG net.thucydides.core.steps.StepInterceptor - STARTING STEP: adminManageNewsSteps.sendGetReqNewsByInvalidID - I send GET HTTP request new by invalid id
00:33:43.538 [main] DEBUG net.thucydides.core.steps.StepInterceptor - STARTING STEP: adminManageNews.sendGetReqNewsByInvalidID - I set GET api endpoints news by out of bound ID
00:33:43.538 [main] DEBUG net.thucydides.core.steps.StepInterceptor - STEP DONE: I set GET api endpoints news by out of bound ID
00:33:43.551 [main] DEBUG org.apache.http.impl.conn.BasicClientConnectionManager - Get connection for route {s}->https://sociops-backend-production.up.railway.app:443
00:33:43.551 [main] DEBUG org.apache.http.impl.conn.DefaultClientConnectionOperator - Connecting to sociops-backend-production.up.railway.app:443
00:33:43.937 [main] DEBUG org.apache.http.client.protocol.RequestAddCookies - CookieSpec selected: ignoreCookies
00:33:43.937 [main] DEBUG org.apache.http.client.protocol.RequestAuthCache - Auth cache not set in the context
00:33:43.937 [main] DEBUG org.apache.http.client.protocol.RequestProxyAuthentication - Proxy auth state: UNCHALLENGED
00:33:43.937 [main] DEBUG org.apache.http.impl.client.DefaultHttpClient - Attempt 1 to execute request
00:33:43.937 [main] DEBUG org.apache.http.impl.conn.DefaultClientConnection - Sending request: GET /news/1600 HTTP/1.1
00:33:43.937 [main] DEBUG org.apache.http.wire -  >> "GET /news/1600 HTTP/1.1[\r][\n]"
00:33:43.937 [main] DEBUG org.apache.http.wire -  >> "Authorization: Bearer eyJhbGciOiJIUzI1NiIsInR5cCI6IkpXVCJ9.eyJpZCI6IjI1IiwibmFtZSI6IkpvaG4gRG9lIiwicm9sZSI6IkFETUlOIiwiZXhwIjoxNjg3NTgzOTUwfQ.ajHiamQlvdpozXu9xIA2a7icSP0w9fjamZwndtTFqvY[\r][\n]"
00:33:43.937 [main] DEBUG org.apache.http.wire -  >> "Accept: */*[\r][\n]"
00:33:43.937 [main] DEBUG org.apache.http.wire -  >> "Host: sociops-backend-production.up.railway.app[\r][\n]"
00:33:43.937 [main] DEBUG org.apache.http.wire -  >> "Connection: Keep-Alive[\r][\n]"
00:33:43.937 [main] DEBUG org.apache.http.wire -  >> "User-Agent: Apache-HttpClient/4.5.13 (Java/15.0.2)[\r][\n]"
00:33:43.937 [main] DEBUG org.apache.http.wire -  >> "Accept-Encoding: gzip,deflate[\r][\n]"
00:33:43.937 [main] DEBUG org.apache.http.wire -  >> "[\r][\n]"
00:33:43.937 [main] DEBUG org.apache.http.headers - >> GET /news/1600 HTTP/1.1
00:33:43.937 [main] DEBUG org.apache.http.headers - >> Authorization: Bearer eyJhbGciOiJIUzI1NiIsInR5cCI6IkpXVCJ9.eyJpZCI6IjI1IiwibmFtZSI6IkpvaG4gRG9lIiwicm9sZSI6IkFETUlOIiwiZXhwIjoxNjg3NTgzOTUwfQ.ajHiamQlvdpozXu9xIA2a7icSP0w9fjamZwndtTFqvY
00:33:43.937 [main] DEBUG org.apache.http.headers - >> Accept: */*
00:33:43.937 [main] DEBUG org.apache.http.headers - >> Host: sociops-backend-production.up.railway.app
00:33:43.937 [main] DEBUG org.apache.http.headers - >> Connection: Keep-Alive
00:33:43.937 [main] DEBUG org.apache.http.headers - >> User-Agent: Apache-HttpClient/4.5.13 (Java/15.0.2)
00:33:43.937 [main] DEBUG org.apache.http.headers - >> Accept-Encoding: gzip,deflate
00:33:44.126 [main] DEBUG org.apache.http.wire -  << "HTTP/1.1 404 Not Found[\r][\n]"
00:33:44.126 [main] DEBUG org.apache.http.wire -  << "content-type: application/json; charset=UTF-8[\r][\n]"
00:33:44.126 [main] DEBUG org.apache.http.wire -  << "vary: Origin[\r][\n]"
00:33:44.126 [main] DEBUG org.apache.http.wire -  << "date: Fri, 23 Jun 2023 17:33:45 GMT[\r][\n]"
00:33:44.126 [main] DEBUG org.apache.http.wire -  << "content-length: 76[\r][\n]"
00:33:44.126 [main] DEBUG org.apache.http.wire -  << "server: railway[\r][\n]"
00:33:44.126 [main] DEBUG org.apache.http.wire -  << "[\r][\n]"
00:33:44.126 [main] DEBUG org.apache.http.impl.conn.DefaultClientConnection - Receiving response: HTTP/1.1 404 Not Found
00:33:44.126 [main] DEBUG org.apache.http.headers - << HTTP/1.1 404 Not Found
00:33:44.126 [main] DEBUG org.apache.http.headers - << content-type: application/json; charset=UTF-8
00:33:44.126 [main] DEBUG org.apache.http.headers - << vary: Origin
00:33:44.126 [main] DEBUG org.apache.http.headers - << date: Fri, 23 Jun 2023 17:33:45 GMT
00:33:44.126 [main] DEBUG org.apache.http.headers - << content-length: 76
00:33:44.126 [main] DEBUG org.apache.http.headers - << server: railway
00:33:44.126 [main] DEBUG org.apache.http.impl.client.DefaultHttpClient - Connection can be kept alive indefinitely
00:33:44.127 [main] DEBUG io.restassured.internal.RestAssuredHttpBuilder - Parsing response as: application/json; charset=UTF-8
00:33:44.127 [main] DEBUG io.restassured.internal.RestAssuredHttpBuilder - Parsed data to instance of: class org.apache.http.conn.EofSensorInputStream
00:33:44.129 [main] DEBUG org.apache.http.wire -  << "{"data":"record not found","message":"ERROR_NEWS_NOT_FOUND","status":false}[\n]"
00:33:44.129 [main] DEBUG org.apache.http.impl.conn.BasicClientConnectionManager - Releasing connection org.apache.http.impl.conn.ManagedClientConnectionImpl@73316a0a
00:33:44.129 [main] DEBUG org.apache.http.impl.conn.BasicClientConnectionManager - Connection can be kept alive indefinitely
00:33:44.130 [main] DEBUG net.thucydides.core.steps.StepInterceptor - STEP DONE: I send GET HTTP request new by invalid id
  &amp#27;[32mWhen &amp#27;[0m&amp#27;[32mI send GET HTTP request new by invalid id&amp#27;[0m          &amp#27;[90m# starter.stepdefinitions.adminManageNewsSteps.sendGetReqNewsByInvalidID()&amp#27;[0m
00:33:44.132 [main] DEBUG net.thucydides.core.steps.StepInterceptor - STARTING STEP: adminManageNewsSteps.response404ManageNewsA - I receive HTTP response code 404 manage news admin
00:33:44.132 [main] DEBUG net.thucydides.core.steps.StepInterceptor - STEP DONE: I receive HTTP response code 404 manage news admin
  &amp#27;[32mThen &amp#27;[0m&amp#27;[32mI receive HTTP response code 404 manage news admin&amp#27;[0m &amp#27;[90m# starter.stepdefinitions.adminManageNewsSteps.response404ManageNewsA()&amp#27;[0m
00:33:44.134 [main] INFO  - 
  _____   ___   ___   _____     ___     _     ___   ___   ___   ___  
 |_   _| | __| / __| |_   _|   | _ \   /_\   / __| / __| | __| |   \ 
   | |   | _|  \__ \   | |     |  _/  / _ \  \__ \ \__ \ | _|  | |) |
   |_|   |___| |___/   |_|     |_|   /_/ \_\ |___/ |___/ |___| |___/ 

GET - News by invalid ID
----------------------------------------------------------------------
]]></system-out>
  </testcase>
</testsuite>