<?xml version="1.0" encoding="UTF-8"?>
<testsuite xmlns:xsi="http://www.w3.org/2001/XMLSchema-instance" xsi:noNamespaceSchemaLocation="https://maven.apache.org/surefire/maven-failsafe-plugin/xsd/failsafe-test-report-3.0.xsd" version="3.0" name="starter.CucumberTestSuite" time="78.843" tests="5" errors="0" skipped="0" failures="0">
  <properties>
[...]
</properties>
  <testcase name="POST As admin I have be able to create new volunteer data" classname="user" time="12.39">
    <system-out><![CDATA[11:15:59.389 [main] DEBUG net.thucydides.core.guice.Injectors - Created injector for module net.thucydides.core.guice.ThucydidesModule
11:16:00.048 [main] DEBUG io.cucumber.core.plugin.SerenityReporter - Running feature from file:///C:/Users/ASUS/Pictures/Coding/sociops_qe_api/src/test/resources/features/volunteer.feature
11:16:00.476 [main] DEBUG net.thucydides.core.guice.Injectors - Created injector for module net.thucydides.core.guice.webdriver.WebDriverModule
11:16:00.512 [main] INFO  - 

-------------------------------------------------------------------------------------
     _______. _______ .______       _______ .__   __.  __  .___________.____    ____ 
    /       ||   ____||   _  \     |   ____||  \ |  | |  | |           |\   \  /   / 
   |   (----`|  |__   |  |_)  |    |  |__   |   \|  | |  | `---|  |----` \   \/   /  
    \   \    |   __|  |      /     |   __|  |  . `  | |  |     |  |       \_    _/   
.----)   |   |  |____ |  |\  \----.|  |____ |  |\   | |  |     |  |         |  |     
|_______/    |_______|| _| `._____||_______||__| \__| |__|     |__|         |__|    
                                                                                     
 News and tutorials at http://www.serenity-bdd.info                                  
 Documentation at https://wakaleo.gitbooks.io/the-serenity-book/content/             
 Join the Serenity Community on Gitter: https://gitter.im/serenity-bdd/serenity-core 
 Serenity BDD Support and Training at http://serenity-bdd.info/#/trainingandsupport  
-------------------------------------------------------------------------------------

11:16:00.520 [main] DEBUG net.thucydides.core.steps.StepEventBus - Test suite started for story net.thucydides.core.model.Story@b4b1ea27
11:16:00.528 [main] INFO  - Test Suite Started: User
11:16:00.571 [main] DEBUG io.cucumber.core.plugin.SerenityReporter - Running feature from file:///C:/Users/ASUS/Pictures/Coding/sociops_qe_api/src/test/resources/features/volunteer.feature
11:16:00.577 [main] DEBUG net.thucydides.core.steps.StepEventBus - Test suite started for story net.thucydides.core.model.Story@b4b1ea27
11:16:00.578 [main] INFO  - Test Suite Started: User

Scenario: POST As admin I have be able to create new volunteer data &amp#27;[90m# src/test/resources/features/volunteer.feature:6&amp#27;[0m
11:16:00.881 [main] DEBUG io.cucumber.core.plugin.SerenityReporter - Running feature from file:///C:/Users/ASUS/Pictures/Coding/sociops_qe_api/src/test/resources/features/volunteer.feature
11:16:01.248 [main] INFO  - 
  _____   ___   ___   _____     ___   _____     _     ___   _____   ___   ___  
 |_   _| | __| / __| |_   _|   / __| |_   _|   /_\   | _ \ |_   _| | __| |   \ 
   | |   | _|  \__ \   | |     \__ \   | |    / _ \  |   /   | |   | _|  | |) |
   |_|   |___| |___/   |_|     |___/   |_|   /_/ \_\ |_|_\   |_|   |___| |___/ 

POST As admin I have be able to create new volunteer data(user;post-as-admin-i-have-be-able-to-create-new-volunteer-data)
--------------------------------------------------------------------------------
11:16:01.409 [main] DEBUG net.thucydides.core.requirements.model.cucumber.CucumberParser - Loading feature C:\Users\ASUS\Pictures\Coding\sociops_qe_api\src\test\resources\features\volunteer.feature
  &amp#27;[32mGiven &amp#27;[0m&amp#27;[32mI set POST new volunteer api endpoints&amp#27;[0m                      &amp#27;[90m# starter.stepdefinitions.volunteerSteps.setPostVolunteerEndpoint()&amp#27;[0m
11:16:08.894 [main] DEBUG org.apache.http.impl.conn.BasicClientConnectionManager - Get connection for route {s}->https://sociops-backend-production.up.railway.app:443
11:16:08.933 [main] DEBUG org.apache.http.impl.conn.DefaultClientConnectionOperator - Connecting to sociops-backend-production.up.railway.app:443
11:16:10.098 [main] DEBUG org.apache.http.client.protocol.RequestAddCookies - CookieSpec selected: ignoreCookies
11:16:10.101 [main] DEBUG org.apache.http.client.protocol.RequestAuthCache - Auth cache not set in the context
11:16:10.101 [main] DEBUG org.apache.http.client.protocol.RequestProxyAuthentication - Proxy auth state: UNCHALLENGED
11:16:10.102 [main] DEBUG org.apache.http.impl.client.DefaultHttpClient - Attempt 1 to execute request
11:16:10.103 [main] DEBUG org.apache.http.impl.conn.DefaultClientConnection - Sending request: POST /campaigns HTTP/1.1
11:16:10.103 [main] DEBUG org.apache.http.wire -  >> "POST /campaigns HTTP/1.1[\r][\n]"
11:16:10.107 [main] DEBUG org.apache.http.wire -  >> "Authorization: Bearer eyJhbGciOiJIUzI1NiIsInR5cCI6IkpXVCJ9.eyJpZCI6IjYiLCJuYW1lIjoiTmFpbHVsIEl6YWgiLCJyb2xlIjoiQURNSU4iLCJleHAiOjE2ODc3OTQyMjB9.BjWypKJfAM2cQZdPOxrY1o2cGwlbYs_CRmAD_TWZ3zg[\r][\n]"
11:16:10.107 [main] DEBUG org.apache.http.wire -  >> "Accept: */*[\r][\n]"
11:16:10.107 [main] DEBUG org.apache.http.wire -  >> "Content-Type: application/json[\r][\n]"
11:16:10.107 [main] DEBUG org.apache.http.wire -  >> "Content-Length: 768[\r][\n]"
11:16:10.108 [main] DEBUG org.apache.http.wire -  >> "Host: sociops-backend-production.up.railway.app[\r][\n]"
11:16:10.108 [main] DEBUG org.apache.http.wire -  >> "Connection: Keep-Alive[\r][\n]"
11:16:10.108 [main] DEBUG org.apache.http.wire -  >> "User-Agent: Apache-HttpClient/4.5.13 (Java/1.8.0_261)[\r][\n]"
11:16:10.108 [main] DEBUG org.apache.http.wire -  >> "Accept-Encoding: gzip,deflate[\r][\n]"
11:16:10.109 [main] DEBUG org.apache.http.wire -  >> "[\r][\n]"
11:16:10.109 [main] DEBUG org.apache.http.headers - >> POST /campaigns HTTP/1.1
11:16:10.109 [main] DEBUG org.apache.http.headers - >> Authorization: Bearer eyJhbGciOiJIUzI1NiIsInR5cCI6IkpXVCJ9.eyJpZCI6IjYiLCJuYW1lIjoiTmFpbHVsIEl6YWgiLCJyb2xlIjoiQURNSU4iLCJleHAiOjE2ODc3OTQyMjB9.BjWypKJfAM2cQZdPOxrY1o2cGwlbYs_CRmAD_TWZ3zg
11:16:10.109 [main] DEBUG org.apache.http.headers - >> Accept: */*
11:16:10.110 [main] DEBUG org.apache.http.headers - >> Content-Type: application/json
11:16:10.110 [main] DEBUG org.apache.http.headers - >> Content-Length: 768
11:16:10.110 [main] DEBUG org.apache.http.headers - >> Host: sociops-backend-production.up.railway.app
11:16:10.110 [main] DEBUG org.apache.http.headers - >> Connection: Keep-Alive
11:16:10.110 [main] DEBUG org.apache.http.headers - >> User-Agent: Apache-HttpClient/4.5.13 (Java/1.8.0_261)
11:16:10.110 [main] DEBUG org.apache.http.headers - >> Accept-Encoding: gzip,deflate
11:16:10.113 [main] DEBUG org.apache.http.wire -  >> "{"end_date":"2023-06-14T14:56:18.732Z","image":"XXX","category_id":12,"description":"[DATA TEST] Kami berkomitmen untuk mendukung riset dan teknologi sebagai sumber inovasi untuk masa depan. Kami memfasilitasi pengembangan penelitian, pembiayaan startup teknologi, dan kolaborasi antara ilmuwan, insinyur, dan komunitas teknologi untuk menciptakan solusi berkelanjutan.","location":"xxx","video":"XXX","title":"[DATA TEST] Inovasi untuk Masa Depan: Mendukung Riset dan Teknologi","type":"VOLUNTEER","detail_action":"[DATA TEST] Setiap donasi akan digunakan untuk mendukung riset inovatif, pembiayaan startup teknologi, dan program kolaborasi di bidang riset dan teknologi.","hashtag":"[DATA TEST] #InovasiMasaDepan","start_date":"2023-06-14T14:56:18.732Z","status":""}"
11:16:11.305 [main] DEBUG org.apache.http.wire -  << "HTTP/1.1 200 OK[\r][\n]"
11:16:11.308 [main] DEBUG org.apache.http.wire -  << "content-type: application/json; charset=UTF-8[\r][\n]"
11:16:11.309 [main] DEBUG org.apache.http.wire -  << "vary: Origin[\r][\n]"
11:16:11.309 [main] DEBUG org.apache.http.wire -  << "date: Mon, 26 Jun 2023 04:16:09 GMT[\r][\n]"
11:16:11.309 [main] DEBUG org.apache.http.wire -  << "content-length: 140[\r][\n]"
11:16:11.309 [main] DEBUG org.apache.http.wire -  << "server: railway[\r][\n]"
11:16:11.310 [main] DEBUG org.apache.http.wire -  << "[\r][\n]"
11:16:11.311 [main] DEBUG org.apache.http.impl.conn.DefaultClientConnection - Receiving response: HTTP/1.1 200 OK
11:16:11.311 [main] DEBUG org.apache.http.headers - << HTTP/1.1 200 OK
11:16:11.311 [main] DEBUG org.apache.http.headers - << content-type: application/json; charset=UTF-8
11:16:11.312 [main] DEBUG org.apache.http.headers - << vary: Origin
11:16:11.312 [main] DEBUG org.apache.http.headers - << date: Mon, 26 Jun 2023 04:16:09 GMT
11:16:11.312 [main] DEBUG org.apache.http.headers - << content-length: 140
11:16:11.312 [main] DEBUG org.apache.http.headers - << server: railway
11:16:11.322 [main] DEBUG org.apache.http.impl.client.DefaultHttpClient - Connection can be kept alive indefinitely
11:16:11.333 [main] DEBUG io.restassured.internal.RestAssuredHttpBuilder - Parsing response as: application/json; charset=UTF-8
11:16:11.334 [main] DEBUG io.restassured.internal.RestAssuredHttpBuilder - Parsed data to instance of: class org.apache.http.conn.EofSensorInputStream
11:16:11.419 [main] DEBUG org.apache.http.wire -  << "{"data":{"id":78,"title":"[DATA TEST] Inovasi untuk Masa Depan: Mendukung Riset dan Teknologi"},"message":"campaign created","status":true}[\n]"
11:16:11.422 [main] DEBUG org.apache.http.impl.conn.BasicClientConnectionManager - Releasing connection org.apache.http.impl.conn.ManagedClientConnectionImpl@4b862408
11:16:11.422 [main] DEBUG org.apache.http.impl.conn.BasicClientConnectionManager - Connection can be kept alive indefinitely
  &amp#27;[32mWhen &amp#27;[0m&amp#27;[32mI send POST new volunteer HTTP request&amp#27;[0m                       &amp#27;[90m# starter.stepdefinitions.volunteerSteps.sendHttpPostRequest()&amp#27;[0m
  &amp#27;[32mThen &amp#27;[0m&amp#27;[32mI receive valid HTTP response code 200&amp#27;[0m                       &amp#27;[90m# starter.stepdefinitions.volunteerSteps.receiveValidHttpResponse200()&amp#27;[0m
  &amp#27;[32mAnd &amp#27;[0m&amp#27;[32mI receive valid post data for new volunteer&amp#27;[0m                   &amp#27;[90m# starter.stepdefinitions.volunteerSteps.receiveValidPostVolunteer()&amp#27;[0m
11:16:12.963 [main] INFO  - 
  _____   ___   ___   _____     ___     _     ___   ___   ___   ___  
 |_   _| | __| / __| |_   _|   | _ \   /_\   / __| / __| | __| |   \ 
   | |   | _|  \__ \   | |     |  _/  / _ \  \__ \ \__ \ | _|  | |) |
   |_|   |___| |___/   |_|     |_|   /_/ \_\ |___/ |___/ |___| |___/ 

POST As admin I have be able to create new volunteer data
----------------------------------------------------------------------
]]></system-out>
  </testcase>
  <testcase name="POST As admin I not be able to create with invalid data" classname="user" time="2.231">
    <system-out><![CDATA[
Scenario: POST As admin I not be able to create with invalid data &amp#27;[90m# src/test/resources/features/volunteer.feature:12&amp#27;[0m
11:16:12.991 [main] DEBUG io.cucumber.core.plugin.SerenityReporter - Running feature from file:///C:/Users/ASUS/Pictures/Coding/sociops_qe_api/src/test/resources/features/volunteer.feature
11:16:12.997 [main] INFO  - 
  _____   ___   ___   _____     ___   _____     _     ___   _____   ___   ___  
 |_   _| | __| / __| |_   _|   / __| |_   _|   /_\   | _ \ |_   _| | __| |   \ 
   | |   | _|  \__ \   | |     \__ \   | |    / _ \  |   /   | |   | _|  | |) |
   |_|   |___| |___/   |_|     |___/   |_|   /_/ \_\ |_|_\   |_|   |___| |___/ 

POST As admin I not be able to create with invalid data(user;post-as-admin-i-not-be-able-to-create-with-invalid-data)
--------------------------------------------------------------------------------
  &amp#27;[32mGiven &amp#27;[0m&amp#27;[32mI set POST new volunteer api endpoints&amp#27;[0m                    &amp#27;[90m# starter.stepdefinitions.volunteerSteps.setPostVolunteerEndpoint()&amp#27;[0m
11:16:13.080 [main] DEBUG org.apache.http.impl.conn.BasicClientConnectionManager - Get connection for route {s}->https://sociops-backend-production.up.railway.app:443
11:16:13.081 [main] DEBUG org.apache.http.impl.conn.DefaultClientConnectionOperator - Connecting to sociops-backend-production.up.railway.app:443
11:16:14.114 [main] DEBUG org.apache.http.client.protocol.RequestAddCookies - CookieSpec selected: ignoreCookies
11:16:14.114 [main] DEBUG org.apache.http.client.protocol.RequestAuthCache - Auth cache not set in the context
11:16:14.114 [main] DEBUG org.apache.http.client.protocol.RequestProxyAuthentication - Proxy auth state: UNCHALLENGED
11:16:14.115 [main] DEBUG org.apache.http.impl.client.DefaultHttpClient - Attempt 1 to execute request
11:16:14.115 [main] DEBUG org.apache.http.impl.conn.DefaultClientConnection - Sending request: POST /campaigns HTTP/1.1
11:16:14.115 [main] DEBUG org.apache.http.wire -  >> "POST /campaigns HTTP/1.1[\r][\n]"
11:16:14.115 [main] DEBUG org.apache.http.wire -  >> "Authorization: Bearer eyJhbGciOiJIUzI1NiIsInR5cCI6IkpXVCJ9.eyJpZCI6IjYiLCJuYW1lIjoiTmFpbHVsIEl6YWgiLCJyb2xlIjoiQURNSU4iLCJleHAiOjE2ODc3OTQyMjB9.BjWypKJfAM2cQZdPOxrY1o2cGwlbYs_CRmAD_TWZ3zg[\r][\n]"
11:16:14.116 [main] DEBUG org.apache.http.wire -  >> "Accept: */*[\r][\n]"
11:16:14.116 [main] DEBUG org.apache.http.wire -  >> "Content-Type: application/json[\r][\n]"
11:16:14.117 [main] DEBUG org.apache.http.wire -  >> "Content-Length: 768[\r][\n]"
11:16:14.117 [main] DEBUG org.apache.http.wire -  >> "Host: sociops-backend-production.up.railway.app[\r][\n]"
11:16:14.117 [main] DEBUG org.apache.http.wire -  >> "Connection: Keep-Alive[\r][\n]"
11:16:14.117 [main] DEBUG org.apache.http.wire -  >> "User-Agent: Apache-HttpClient/4.5.13 (Java/1.8.0_261)[\r][\n]"
11:16:14.117 [main] DEBUG org.apache.http.wire -  >> "Accept-Encoding: gzip,deflate[\r][\n]"
11:16:14.117 [main] DEBUG org.apache.http.wire -  >> "[\r][\n]"
11:16:14.117 [main] DEBUG org.apache.http.headers - >> POST /campaigns HTTP/1.1
11:16:14.118 [main] DEBUG org.apache.http.headers - >> Authorization: Bearer eyJhbGciOiJIUzI1NiIsInR5cCI6IkpXVCJ9.eyJpZCI6IjYiLCJuYW1lIjoiTmFpbHVsIEl6YWgiLCJyb2xlIjoiQURNSU4iLCJleHAiOjE2ODc3OTQyMjB9.BjWypKJfAM2cQZdPOxrY1o2cGwlbYs_CRmAD_TWZ3zg
11:16:14.119 [main] DEBUG org.apache.http.headers - >> Accept: */*
11:16:14.119 [main] DEBUG org.apache.http.headers - >> Content-Type: application/json
11:16:14.119 [main] DEBUG org.apache.http.headers - >> Content-Length: 768
11:16:14.119 [main] DEBUG org.apache.http.headers - >> Host: sociops-backend-production.up.railway.app
11:16:14.119 [main] DEBUG org.apache.http.headers - >> Connection: Keep-Alive
11:16:14.119 [main] DEBUG org.apache.http.headers - >> User-Agent: Apache-HttpClient/4.5.13 (Java/1.8.0_261)
11:16:14.119 [main] DEBUG org.apache.http.headers - >> Accept-Encoding: gzip,deflate
11:16:14.121 [main] DEBUG org.apache.http.wire -  >> "{"end_date":"2023-06-14T14:56:18.732Z","image":"XXX","category_id":99,"description":"[DATA TEST] Kami berkomitmen untuk mendukung riset dan teknologi sebagai sumber inovasi untuk masa depan. Kami memfasilitasi pengembangan penelitian, pembiayaan startup teknologi, dan kolaborasi antara ilmuwan, insinyur, dan komunitas teknologi untuk menciptakan solusi berkelanjutan.","location":"xxx","video":"XXX","title":"[DATA TEST] Inovasi untuk Masa Depan: Mendukung Riset dan Teknologi","type":"VOLUNTEER","detail_action":"[DATA TEST] Setiap donasi akan digunakan untuk mendukung riset inovatif, pembiayaan startup teknologi, dan program kolaborasi di bidang riset dan teknologi.","hashtag":"[DATA TEST] #InovasiMasaDepan","start_date":"2023-06-14T14:56:18.732Z","status":""}"
11:16:15.180 [main] DEBUG org.apache.http.wire -  << "HTTP/1.1 500 Internal Server Error[\r][\n]"
11:16:15.181 [main] DEBUG org.apache.http.wire -  << "content-type: application/json; charset=UTF-8[\r][\n]"
11:16:15.181 [main] DEBUG org.apache.http.wire -  << "vary: Origin[\r][\n]"
11:16:15.181 [main] DEBUG org.apache.http.wire -  << "date: Mon, 26 Jun 2023 04:16:13 GMT[\r][\n]"
11:16:15.182 [main] DEBUG org.apache.http.wire -  << "content-length: 259[\r][\n]"
11:16:15.182 [main] DEBUG org.apache.http.wire -  << "server: railway[\r][\n]"
11:16:15.182 [main] DEBUG org.apache.http.wire -  << "[\r][\n]"
11:16:15.182 [main] DEBUG org.apache.http.impl.conn.DefaultClientConnection - Receiving response: HTTP/1.1 500 Internal Server Error
11:16:15.182 [main] DEBUG org.apache.http.headers - << HTTP/1.1 500 Internal Server Error
11:16:15.182 [main] DEBUG org.apache.http.headers - << content-type: application/json; charset=UTF-8
11:16:15.182 [main] DEBUG org.apache.http.headers - << vary: Origin
11:16:15.182 [main] DEBUG org.apache.http.headers - << date: Mon, 26 Jun 2023 04:16:13 GMT
11:16:15.183 [main] DEBUG org.apache.http.headers - << content-length: 259
11:16:15.183 [main] DEBUG org.apache.http.headers - << server: railway
11:16:15.183 [main] DEBUG org.apache.http.impl.client.DefaultHttpClient - Connection can be kept alive indefinitely
11:16:15.183 [main] DEBUG io.restassured.internal.RestAssuredHttpBuilder - Parsing response as: application/json; charset=UTF-8
11:16:15.184 [main] DEBUG io.restassured.internal.RestAssuredHttpBuilder - Parsed data to instance of: class org.apache.http.conn.EofSensorInputStream
11:16:15.188 [main] DEBUG org.apache.http.wire -  << "{"data":null,"message":"Error 1452 (23000): Cannot add or update a child row: a foreign key constraint fails (\"defaultdb\".\"campaigns\", CONSTRAINT \"fk_campaigns_category\" FOREIGN KEY (\"category_id\") REFERENCES \"categories\" (\"id\"))","status":false}[\n]"
11:16:15.188 [main] DEBUG org.apache.http.impl.conn.BasicClientConnectionManager - Releasing connection org.apache.http.impl.conn.ManagedClientConnectionImpl@2fd9fb34
11:16:15.188 [main] DEBUG org.apache.http.impl.conn.BasicClientConnectionManager - Connection can be kept alive indefinitely
  &amp#27;[32mWhen &amp#27;[0m&amp#27;[32mI send POST new volunteer HTTP request with invalid data&amp#27;[0m   &amp#27;[90m# starter.stepdefinitions.volunteerSteps.sendHttpPostInvalidRequest()&amp#27;[0m
  &amp#27;[32mThen &amp#27;[0m&amp#27;[32mI receive valid HTTP response code 500&amp#27;[0m                     &amp#27;[90m# starter.stepdefinitions.volunteerSteps.receiveValidHttpResponse500()&amp#27;[0m
11:16:15.205 [main] INFO  - 
  _____   ___   ___   _____     ___     _     ___   ___   ___   ___  
 |_   _| | __| / __| |_   _|   | _ \   /_\   / __| / __| | __| |   \ 
   | |   | _|  \__ \   | |     |  _/  / _ \  \__ \ \__ \ | _|  | |) |
   |_|   |___| |___/   |_|     |_|   /_/ \_\ |___/ |___/ |___| |___/ 

POST As admin I not be able to create with invalid data
----------------------------------------------------------------------
]]></system-out>
  </testcase>
  <testcase name="GET As admin I have be able to get volunteer data by id" classname="user" time="2.341">
    <system-out><![CDATA[
Scenario: GET As admin I have be able to get volunteer data by id &amp#27;[90m# src/test/resources/features/volunteer.feature:17&amp#27;[0m
11:16:15.222 [main] DEBUG io.cucumber.core.plugin.SerenityReporter - Running feature from file:///C:/Users/ASUS/Pictures/Coding/sociops_qe_api/src/test/resources/features/volunteer.feature
11:16:15.228 [main] INFO  - 
  _____   ___   ___   _____     ___   _____     _     ___   _____   ___   ___  
 |_   _| | __| / __| |_   _|   / __| |_   _|   /_\   | _ \ |_   _| | __| |   \ 
   | |   | _|  \__ \   | |     \__ \   | |    / _ \  |   /   | |   | _|  | |) |
   |_|   |___| |___/   |_|     |___/   |_|   /_/ \_\ |_|_\   |_|   |___| |___/ 

GET As admin I have be able to get volunteer data by id(user;get-as-admin-i-have-be-able-to-get-volunteer-data-by-id)
--------------------------------------------------------------------------------
  &amp#27;[32mGiven &amp#27;[0m&amp#27;[32mI set GET volunteer by id api endpoints&amp#27;[0m                   &amp#27;[90m# starter.stepdefinitions.volunteerSteps.setGetVolunteerIdEndpoint()&amp#27;[0m
11:16:15.318 [main] DEBUG org.apache.http.impl.conn.BasicClientConnectionManager - Get connection for route {s}->https://sociops-backend-production.up.railway.app:443
11:16:15.319 [main] DEBUG org.apache.http.impl.conn.DefaultClientConnectionOperator - Connecting to sociops-backend-production.up.railway.app:443
11:16:16.336 [main] DEBUG org.apache.http.client.protocol.RequestAddCookies - CookieSpec selected: ignoreCookies
11:16:16.336 [main] DEBUG org.apache.http.client.protocol.RequestAuthCache - Auth cache not set in the context
11:16:16.336 [main] DEBUG org.apache.http.client.protocol.RequestTargetAuthentication - Target auth state: UNCHALLENGED
11:16:16.336 [main] DEBUG org.apache.http.client.protocol.RequestProxyAuthentication - Proxy auth state: UNCHALLENGED
11:16:16.336 [main] DEBUG org.apache.http.impl.client.DefaultHttpClient - Attempt 1 to execute request
11:16:16.336 [main] DEBUG org.apache.http.impl.conn.DefaultClientConnection - Sending request: GET /campaigns/34 HTTP/1.1
11:16:16.337 [main] DEBUG org.apache.http.wire -  >> "GET /campaigns/34 HTTP/1.1[\r][\n]"
11:16:16.337 [main] DEBUG org.apache.http.wire -  >> "Accept: */*[\r][\n]"
11:16:16.337 [main] DEBUG org.apache.http.wire -  >> "Host: sociops-backend-production.up.railway.app[\r][\n]"
11:16:16.337 [main] DEBUG org.apache.http.wire -  >> "Connection: Keep-Alive[\r][\n]"
11:16:16.337 [main] DEBUG org.apache.http.wire -  >> "User-Agent: Apache-HttpClient/4.5.13 (Java/1.8.0_261)[\r][\n]"
11:16:16.338 [main] DEBUG org.apache.http.wire -  >> "Accept-Encoding: gzip,deflate[\r][\n]"
11:16:16.338 [main] DEBUG org.apache.http.wire -  >> "[\r][\n]"
11:16:16.338 [main] DEBUG org.apache.http.headers - >> GET /campaigns/34 HTTP/1.1
11:16:16.338 [main] DEBUG org.apache.http.headers - >> Accept: */*
11:16:16.338 [main] DEBUG org.apache.http.headers - >> Host: sociops-backend-production.up.railway.app
11:16:16.338 [main] DEBUG org.apache.http.headers - >> Connection: Keep-Alive
11:16:16.338 [main] DEBUG org.apache.http.headers - >> User-Agent: Apache-HttpClient/4.5.13 (Java/1.8.0_261)
11:16:16.338 [main] DEBUG org.apache.http.headers - >> Accept-Encoding: gzip,deflate
11:16:17.471 [main] DEBUG org.apache.http.wire -  << "HTTP/1.1 200 OK[\r][\n]"
11:16:17.472 [main] DEBUG org.apache.http.wire -  << "content-type: application/json; charset=UTF-8[\r][\n]"
11:16:17.472 [main] DEBUG org.apache.http.wire -  << "vary: Origin[\r][\n]"
11:16:17.472 [main] DEBUG org.apache.http.wire -  << "date: Mon, 26 Jun 2023 04:16:16 GMT[\r][\n]"
11:16:17.473 [main] DEBUG org.apache.http.wire -  << "content-length: 1788[\r][\n]"
11:16:17.473 [main] DEBUG org.apache.http.wire -  << "server: railway[\r][\n]"
11:16:17.473 [main] DEBUG org.apache.http.wire -  << "[\r][\n]"
11:16:17.473 [main] DEBUG org.apache.http.impl.conn.DefaultClientConnection - Receiving response: HTTP/1.1 200 OK
11:16:17.473 [main] DEBUG org.apache.http.headers - << HTTP/1.1 200 OK
11:16:17.473 [main] DEBUG org.apache.http.headers - << content-type: application/json; charset=UTF-8
11:16:17.473 [main] DEBUG org.apache.http.headers - << vary: Origin
11:16:17.473 [main] DEBUG org.apache.http.headers - << date: Mon, 26 Jun 2023 04:16:16 GMT
11:16:17.474 [main] DEBUG org.apache.http.headers - << content-length: 1788
11:16:17.474 [main] DEBUG org.apache.http.headers - << server: railway
11:16:17.474 [main] DEBUG org.apache.http.impl.client.DefaultHttpClient - Connection can be kept alive indefinitely
11:16:17.475 [main] DEBUG io.restassured.internal.RestAssuredHttpBuilder - Parsing response as: application/json; charset=UTF-8
11:16:17.475 [main] DEBUG io.restassured.internal.RestAssuredHttpBuilder - Parsed data to instance of: class org.apache.http.conn.EofSensorInputStream
11:16:17.479 [main] DEBUG org.apache.http.wire -  << "{"data":{"id":34,"title":"[DATA TEST] Inovasi untuk Masa Depan: Mendukung Riset dan Teknologi","category":{"id":12,"created_at":"2023-06-25T01:07:44.368Z","updated_at":"2023-06-25T01:07:44.368Z","name":"Lainnya"},"category_id":12,"organizer":{"ID":1,"Name":"Wildan R","Email":"wildanr@example.com","Role":"ADMIN","CreatedAt":"2023-06-25T01:06:13.371Z","UpdatedAt":"2023-06-25T01:06:13.371Z","photo_url":"https://sociops-backend-production.up.railway.app/asset/28"},"user_id":1,"description":"[DATA TEST] Kami berkomitmen untuk mendukung riset dan teknologi sebagai sumber inovasi untuk masa depan. Kami memfasilitasi pengembangan penelitian, pembiayaan startup teknologi, dan kolaborasi antara ilmuwan, insinyur, dan komunitas teknologi untuk menciptakan solusi berkelanjutan.","story":"[DATA TEST] Kisah kami dimulai ketika kami melihat potensi besar dalam riset dan teknologi untuk mengatasi masalah global. Kami merasa terpanggil untuk menyediakan platform dan sumber daya bagi ilmuwan, insinyur, dan komunitas teknologi untuk berkolaborasi, berinovasi, dan mewujudkan solusi yang berkelanjutan.","target_recipient":"[DATA TEST] Riset dan teknologi inovatif","proposal":"XXX","image":"XXX","video":"XXX","hashtag":"[DATA TEST] #InovasiMasaDepan","location":"[DATA TEST] Silicon Valley, Amerika Serikat","start_date":"2023-10-14T14:56:18.732Z","end_date":"2023-12-14T14:56:18.732Z","target_donation":10000000,"total_action_donation":50000,"detail_action_donation":"[DATA TEST] Setiap donasi akan digunakan untuk mendukung riset inovatif, pembiayaan startup teknologi, dan program kolaborasi di bidang riset dan teknologi.","type":"FUNDRAISING","status":"PENDING","created_at":"2023-06-25T04:36:40.455Z","updated_at":"2023-06-25T04:36:40.455Z"},"message":"campaign found","status":true}[\n]"
11:16:17.480 [main] DEBUG org.apache.http.impl.conn.BasicClientConnectionManager - Releasing connection org.apache.http.impl.conn.ManagedClientConnectionImpl@66e341e9
11:16:17.480 [main] DEBUG org.apache.http.impl.conn.BasicClientConnectionManager - Connection can be kept alive indefinitely
  &amp#27;[32mWhen &amp#27;[0m&amp#27;[32mI send GET volunteer by id HTTP request&amp#27;[0m                    &amp#27;[90m# starter.stepdefinitions.volunteerSteps.sendHttpGetIdRequest()&amp#27;[0m
  &amp#27;[32mThen &amp#27;[0m&amp#27;[32mI receive valid HTTP response code 200&amp#27;[0m                     &amp#27;[90m# starter.stepdefinitions.volunteerSteps.receiveValidHttpResponse200()&amp#27;[0m
  &amp#27;[32mAnd &amp#27;[0m&amp#27;[32mI receive valid get data for single volunteer data&amp#27;[0m          &amp#27;[90m# starter.stepdefinitions.volunteerSteps.receiveValidGetDataVolunteer()&amp#27;[0m
11:16:17.549 [main] INFO  - 
  _____   ___   ___   _____     ___     _     ___   ___   ___   ___  
 |_   _| | __| / __| |_   _|   | _ \   /_\   / __| / __| | __| |   \ 
   | |   | _|  \__ \   | |     |  _/  / _ \  \__ \ \__ \ | _|  | |) |
   |_|   |___| |___/   |_|     |_|   /_/ \_\ |___/ |___/ |___| |___/ 

GET As admin I have be able to get volunteer data by id
----------------------------------------------------------------------
]]></system-out>
  </testcase>
  <testcase name="DELETE As admin i want to delete volunteer data" classname="user" time="2.568">
    <system-out><![CDATA[
Scenario: DELETE As admin i want to delete volunteer data &amp#27;[90m# src/test/resources/features/volunteer.feature:23&amp#27;[0m
11:16:17.563 [main] DEBUG io.cucumber.core.plugin.SerenityReporter - Running feature from file:///C:/Users/ASUS/Pictures/Coding/sociops_qe_api/src/test/resources/features/volunteer.feature
11:16:17.568 [main] INFO  - 
  _____   ___   ___   _____     ___   _____     _     ___   _____   ___   ___  
 |_   _| | __| / __| |_   _|   / __| |_   _|   /_\   | _ \ |_   _| | __| |   \ 
   | |   | _|  \__ \   | |     \__ \   | |    / _ \  |   /   | |   | _|  | |) |
   |_|   |___| |___/   |_|     |___/   |_|   /_/ \_\ |_|_\   |_|   |___| |___/ 

DELETE As admin i want to delete volunteer data(user;delete-as-admin-i-want-to-delete-volunteer-data)
--------------------------------------------------------------------------------
  &amp#27;[32mGiven &amp#27;[0m&amp#27;[32mI set DELETE volunteer api endpoint&amp#27;[0m               &amp#27;[90m# starter.stepdefinitions.volunteerSteps.setDeleteVolunteerEndpoint()&amp#27;[0m
11:16:17.625 [main] DEBUG org.apache.http.impl.conn.BasicClientConnectionManager - Get connection for route {s}->https://sociops-backend-production.up.railway.app:443
11:16:17.626 [main] DEBUG org.apache.http.impl.conn.DefaultClientConnectionOperator - Connecting to sociops-backend-production.up.railway.app:443
11:16:18.642 [main] DEBUG org.apache.http.client.protocol.RequestAddCookies - CookieSpec selected: ignoreCookies
11:16:18.642 [main] DEBUG org.apache.http.client.protocol.RequestAuthCache - Auth cache not set in the context
11:16:18.642 [main] DEBUG org.apache.http.client.protocol.RequestProxyAuthentication - Proxy auth state: UNCHALLENGED
11:16:18.642 [main] DEBUG org.apache.http.impl.client.DefaultHttpClient - Attempt 1 to execute request
11:16:18.642 [main] DEBUG org.apache.http.impl.conn.DefaultClientConnection - Sending request: DELETE /campaigns/8 HTTP/1.1
11:16:18.642 [main] DEBUG org.apache.http.wire -  >> "DELETE /campaigns/8 HTTP/1.1[\r][\n]"
11:16:18.643 [main] DEBUG org.apache.http.wire -  >> "Content-Type: application/json[\r][\n]"
11:16:18.643 [main] DEBUG org.apache.http.wire -  >> "Authorization: Bearer eyJhbGciOiJIUzI1NiIsInR5cCI6IkpXVCJ9.eyJpZCI6IjYiLCJuYW1lIjoiTmFpbHVsIEl6YWgiLCJyb2xlIjoiQURNSU4iLCJleHAiOjE2ODc3OTQyMjB9.BjWypKJfAM2cQZdPOxrY1o2cGwlbYs_CRmAD_TWZ3zg[\r][\n]"
11:16:18.643 [main] DEBUG org.apache.http.wire -  >> "Accept: */*[\r][\n]"
11:16:18.644 [main] DEBUG org.apache.http.wire -  >> "Host: sociops-backend-production.up.railway.app[\r][\n]"
11:16:18.644 [main] DEBUG org.apache.http.wire -  >> "Connection: Keep-Alive[\r][\n]"
11:16:18.644 [main] DEBUG org.apache.http.wire -  >> "User-Agent: Apache-HttpClient/4.5.13 (Java/1.8.0_261)[\r][\n]"
11:16:18.644 [main] DEBUG org.apache.http.wire -  >> "Accept-Encoding: gzip,deflate[\r][\n]"
11:16:18.644 [main] DEBUG org.apache.http.wire -  >> "[\r][\n]"
11:16:18.644 [main] DEBUG org.apache.http.headers - >> DELETE /campaigns/8 HTTP/1.1
11:16:18.644 [main] DEBUG org.apache.http.headers - >> Content-Type: application/json
11:16:18.645 [main] DEBUG org.apache.http.headers - >> Authorization: Bearer eyJhbGciOiJIUzI1NiIsInR5cCI6IkpXVCJ9.eyJpZCI6IjYiLCJuYW1lIjoiTmFpbHVsIEl6YWgiLCJyb2xlIjoiQURNSU4iLCJleHAiOjE2ODc3OTQyMjB9.BjWypKJfAM2cQZdPOxrY1o2cGwlbYs_CRmAD_TWZ3zg
11:16:18.645 [main] DEBUG org.apache.http.headers - >> Accept: */*
11:16:18.645 [main] DEBUG org.apache.http.headers - >> Host: sociops-backend-production.up.railway.app
11:16:18.645 [main] DEBUG org.apache.http.headers - >> Connection: Keep-Alive
11:16:18.645 [main] DEBUG org.apache.http.headers - >> User-Agent: Apache-HttpClient/4.5.13 (Java/1.8.0_261)
11:16:18.645 [main] DEBUG org.apache.http.headers - >> Accept-Encoding: gzip,deflate
11:16:20.093 [main] DEBUG org.apache.http.wire -  << "HTTP/1.1 200 OK[\r][\n]"
11:16:20.093 [main] DEBUG org.apache.http.wire -  << "content-type: application/json; charset=UTF-8[\r][\n]"
11:16:20.094 [main] DEBUG org.apache.http.wire -  << "vary: Origin[\r][\n]"
11:16:20.094 [main] DEBUG org.apache.http.wire -  << "date: Mon, 26 Jun 2023 04:16:18 GMT[\r][\n]"
11:16:20.094 [main] DEBUG org.apache.http.wire -  << "content-length: 57[\r][\n]"
11:16:20.094 [main] DEBUG org.apache.http.wire -  << "server: railway[\r][\n]"
11:16:20.094 [main] DEBUG org.apache.http.wire -  << "[\r][\n]"
11:16:20.094 [main] DEBUG org.apache.http.impl.conn.DefaultClientConnection - Receiving response: HTTP/1.1 200 OK
11:16:20.094 [main] DEBUG org.apache.http.headers - << HTTP/1.1 200 OK
11:16:20.094 [main] DEBUG org.apache.http.headers - << content-type: application/json; charset=UTF-8
11:16:20.095 [main] DEBUG org.apache.http.headers - << vary: Origin
11:16:20.095 [main] DEBUG org.apache.http.headers - << date: Mon, 26 Jun 2023 04:16:18 GMT
11:16:20.095 [main] DEBUG org.apache.http.headers - << content-length: 57
11:16:20.095 [main] DEBUG org.apache.http.headers - << server: railway
11:16:20.095 [main] DEBUG org.apache.http.impl.client.DefaultHttpClient - Connection can be kept alive indefinitely
11:16:20.096 [main] DEBUG io.restassured.internal.RestAssuredHttpBuilder - Parsing response as: application/json; charset=UTF-8
11:16:20.097 [main] DEBUG io.restassured.internal.RestAssuredHttpBuilder - Parsed data to instance of: class org.apache.http.conn.EofSensorInputStream
11:16:20.101 [main] DEBUG org.apache.http.wire -  << "{"data":null,"message":"campaign deleted","status":true}[\n]"
11:16:20.101 [main] DEBUG org.apache.http.impl.conn.BasicClientConnectionManager - Releasing connection org.apache.http.impl.conn.ManagedClientConnectionImpl@7b9e25bd
11:16:20.101 [main] DEBUG org.apache.http.impl.conn.BasicClientConnectionManager - Connection can be kept alive indefinitely
  &amp#27;[32mWhen &amp#27;[0m&amp#27;[32mI send DELETE volunteer HTTP request&amp#27;[0m               &amp#27;[90m# starter.stepdefinitions.volunteerSteps.sendHttpDeleteRequest()&amp#27;[0m
  &amp#27;[32mThen &amp#27;[0m&amp#27;[32mI receive valid HTTP response code 200&amp#27;[0m             &amp#27;[90m# starter.stepdefinitions.volunteerSteps.receiveValidHttpResponse200()&amp#27;[0m
11:16:20.118 [main] INFO  - 
  _____   ___   ___   _____     ___     _     ___   ___   ___   ___  
 |_   _| | __| / __| |_   _|   | _ \   /_\   / __| / __| | __| |   \ 
   | |   | _|  \__ \   | |     |  _/  / _ \  \__ \ \__ \ | _|  | |) |
   |_|   |___| |___/   |_|     |_|   /_/ \_\ |___/ |___/ |___| |___/ 

DELETE As admin i want to delete volunteer data
----------------------------------------------------------------------
]]></system-out>
  </testcase>
  <testcase name="GET As admin I have be able to get all volunteer data" classname="user" time="2.629">
    <system-out><![CDATA[
Scenario: GET As admin I have be able to get all volunteer data &amp#27;[90m# src/test/resources/features/volunteer.feature:28&amp#27;[0m
11:16:20.130 [main] DEBUG io.cucumber.core.plugin.SerenityReporter - Running feature from file:///C:/Users/ASUS/Pictures/Coding/sociops_qe_api/src/test/resources/features/volunteer.feature
11:16:20.136 [main] INFO  - 
  _____   ___   ___   _____     ___   _____     _     ___   _____   ___   ___  
 |_   _| | __| / __| |_   _|   / __| |_   _|   /_\   | _ \ |_   _| | __| |   \ 
   | |   | _|  \__ \   | |     \__ \   | |    / _ \  |   /   | |   | _|  | |) |
   |_|   |___| |___/   |_|     |___/   |_|   /_/ \_\ |_|_\   |_|   |___| |___/ 

GET As admin I have be able to get all volunteer data(user;get-as-admin-i-have-be-able-to-get-all-volunteer-data)
--------------------------------------------------------------------------------
  &amp#27;[32mGiven &amp#27;[0m&amp#27;[32mI set GET all volunteer api endpoints&amp#27;[0m                   &amp#27;[90m# starter.stepdefinitions.volunteerSteps.setGetVolunteerAllEndpoint()&amp#27;[0m
11:16:20.240 [main] DEBUG org.apache.http.impl.conn.BasicClientConnectionManager - Get connection for route {s}->https://sociops-backend-production.up.railway.app:443
11:16:20.241 [main] DEBUG org.apache.http.impl.conn.DefaultClientConnectionOperator - Connecting to sociops-backend-production.up.railway.app:443
11:16:21.267 [main] DEBUG org.apache.http.client.protocol.RequestAddCookies - CookieSpec selected: ignoreCookies
11:16:21.267 [main] DEBUG org.apache.http.client.protocol.RequestAuthCache - Auth cache not set in the context
11:16:21.267 [main] DEBUG org.apache.http.client.protocol.RequestTargetAuthentication - Target auth state: UNCHALLENGED
11:16:21.268 [main] DEBUG org.apache.http.client.protocol.RequestProxyAuthentication - Proxy auth state: UNCHALLENGED
11:16:21.268 [main] DEBUG org.apache.http.impl.client.DefaultHttpClient - Attempt 1 to execute request
11:16:21.268 [main] DEBUG org.apache.http.impl.conn.DefaultClientConnection - Sending request: GET /campaigns?page=1&page_size=100&type=FUNDRAISING&category=&status=ACCEPTED&sort=created_at_asc HTTP/1.1
11:16:21.268 [main] DEBUG org.apache.http.wire -  >> "GET /campaigns?page=1&page_size=100&type=FUNDRAISING&category=&status=ACCEPTED&sort=created_at_asc HTTP/1.1[\r][\n]"
11:16:21.268 [main] DEBUG org.apache.http.wire -  >> "Accept: */*[\r][\n]"
11:16:21.268 [main] DEBUG org.apache.http.wire -  >> "Host: sociops-backend-production.up.railway.app[\r][\n]"
11:16:21.269 [main] DEBUG org.apache.http.wire -  >> "Connection: Keep-Alive[\r][\n]"
11:16:21.269 [main] DEBUG org.apache.http.wire -  >> "User-Agent: Apache-HttpClient/4.5.13 (Java/1.8.0_261)[\r][\n]"
11:16:21.269 [main] DEBUG org.apache.http.wire -  >> "Accept-Encoding: gzip,deflate[\r][\n]"
11:16:21.269 [main] DEBUG org.apache.http.wire -  >> "[\r][\n]"
11:16:21.269 [main] DEBUG org.apache.http.headers - >> GET /campaigns?page=1&page_size=100&type=FUNDRAISING&category=&status=ACCEPTED&sort=created_at_asc HTTP/1.1
11:16:21.270 [main] DEBUG org.apache.http.headers - >> Accept: */*
11:16:21.270 [main] DEBUG org.apache.http.headers - >> Host: sociops-backend-production.up.railway.app
11:16:21.270 [main] DEBUG org.apache.http.headers - >> Connection: Keep-Alive
11:16:21.270 [main] DEBUG org.apache.http.headers - >> User-Agent: Apache-HttpClient/4.5.13 (Java/1.8.0_261)
11:16:21.270 [main] DEBUG org.apache.http.headers - >> Accept-Encoding: gzip,deflate
11:16:22.594 [main] DEBUG org.apache.http.wire -  << "HTTP/1.1 200 OK[\r][\n]"
11:16:22.595 [main] DEBUG org.apache.http.wire -  << "content-type: application/json; charset=UTF-8[\r][\n]"
11:16:22.595 [main] DEBUG org.apache.http.wire -  << "vary: Origin[\r][\n]"
11:16:22.595 [main] DEBUG org.apache.http.wire -  << "date: Mon, 26 Jun 2023 04:16:20 GMT[\r][\n]"
11:16:22.595 [main] DEBUG org.apache.http.wire -  << "server: railway[\r][\n]"
11:16:22.595 [main] DEBUG org.apache.http.wire -  << "transfer-encoding: chunked[\r][\n]"
11:16:22.595 [main] DEBUG org.apache.http.wire -  << "[\r][\n]"
11:16:22.595 [main] DEBUG org.apache.http.impl.conn.DefaultClientConnection - Receiving response: HTTP/1.1 200 OK
11:16:22.596 [main] DEBUG org.apache.http.headers - << HTTP/1.1 200 OK
11:16:22.596 [main] DEBUG org.apache.http.headers - << content-type: application/json; charset=UTF-8
11:16:22.596 [main] DEBUG org.apache.http.headers - << vary: Origin
11:16:22.596 [main] DEBUG org.apache.http.headers - << date: Mon, 26 Jun 2023 04:16:20 GMT
11:16:22.596 [main] DEBUG org.apache.http.headers - << server: railway
11:16:22.596 [main] DEBUG org.apache.http.headers - << transfer-encoding: chunked
11:16:22.601 [main] DEBUG org.apache.http.impl.client.DefaultHttpClient - Connection can be kept alive indefinitely
11:16:22.601 [main] DEBUG io.restassured.internal.RestAssuredHttpBuilder - Parsing response as: application/json; charset=UTF-8
11:16:22.602 [main] DEBUG io.restassured.internal.RestAssuredHttpBuilder - Parsed data to instance of: class org.apache.http.conn.EofSensorInputStream
11:16:22.605 [main] DEBUG org.apache.http.wire -  << "35e9[\r][\n]"
11:16:22.608 [main] DEBUG org.apache.http.wire -  << "{"data":[{"id":1,"title":"Membangun Masa Depan Melalui Pendidikan","category":{"id":1,"created_at":"2023-06-25T01:06:55.647Z","updated_at":"2023-06-25T01:06:55.647Z","name":"Pendidikan"},"category_id":1,"organizer":{"ID":2,"Name":"SkilledUp Life","Email":"skilleduplife@example.com","Role":"ADMIN","CreatedAt":"2023-06-25T01:44:14.408Z","UpdatedAt":"2023-06-25T01:44:14.408Z","photo_url":"https://sociops-backend-production.up.railway.app/asset/25"},"user_id":2,"description":"Misi kami adalah memastikan setiap anak memiliki akses yang adil dan setara terhadap pendidikan berkualitas. Kami bekerja untuk meningkatkan infrastruktur pendidikan, memberikan pelatihan bagi guru, dan menciptakan lingkungan belajar yang inklusif.","story":"Kisah kami dimulai dengan melihat kesenjangan pendidikan yang ada di komunitas kami. Banyak anak-anak tidak memiliki akses terhadap fasilitas pendidikan yang memadai. Kami memutuskan untuk bertindak dengan mendirikan sekolah-sekolah baru, menyediakan bantuan keuangan kepada keluarga yang membutuhkan, dan menyediakan program bimbingan bagi siswa yang memerlukan dukungan tambahan.","target_recipient":"Siswa yang membutuhkan pendidikan","proposal":"XXX","image":"https://sociops-backend-production.up.railway.app/asset/1","video":"https://sociops-backend-production.up.railway.app/asset/29","hashtag":"#PendidikanUntukSemua","location":"Jakarta, Indonesia","start_date":"2023-10-14T21:56:18.732Z","end_date":"2023-12-14T21:56:18.732Z","target_donation":5000000,"total_action_donation":25000,"detail_action_donation":"Setiap donasi akan digunakan untuk membangun dan memperbaiki fasilitas pendidikan, memberikan pelatihan bagi guru, serta memberikan beasiswa kepada anak-anak yang berbakat namun tidak mampu.","type":"FUNDRAISING","status":"ACCEPTED","created_at":"2023-06-25T01:09:38.229Z","updated_at":"2023-06-25T01:09:38.229Z","total_amount_collected":40000,"total_amount_collected_percent":0.8},{"id":2,"title":"Melindungi Alam Kita, Rumah Bersama","category":{"id":2,"created_at":"2023-06-25T01:06:59.19Z","updated_at":"2023-06-25T01:06:59.19Z","name":"Lingkungan"},"category_id":2,"organizer":{"ID":3,"Name":"Hyundai","Email":"hyundai@example.com","Role":"ADMIN","CreatedAt":"2023-06-25T01:45:16.65Z","UpdatedAt":"2023-06-25T01:45:16.65Z","photo_url":"https://sociops-backend-production.up.railway.app/asset/26"},"user_id":3,"description":"Kami berkomitmen untuk menjaga kelestarian alam dan membangun kesadaran akan pentingnya lingkungan yang sehat. Kami bekerja sama dengan masyarakat untuk melakukan kegiatan pelestarian alam, mendaur ulang limbah, dan edukasi tentang keberlanjutan.","story":"Kami terinspirasi oleh keindahan alam dan kekhawatiran akan kerusakan lingkungan yang terjadi di seluruh dunia. Dengan semangat untuk bertindak, kami memulai program pelestarian alam di daerah kami dengan melibatkan komunitas setempat. Bersama-sama, kami melakukan penanaman pohon, pembersihan pantai, dan mengadakan kampanye untuk mengurangi penggunaan plastik sekali pakai.","target_recipient":"Komunitas peduli lingkungan","proposal":"XXX","image":"https://sociops-backend-production.up.railway.app/asset/2","video":"https://sociops-backend-production.up.railway.app/asset/30","hashtag":"#LingkunganHijau","location":"Bali, Indonesia","start_date":"2023-10-14T21:56:18.732Z","end_date":"2023-12-14T21:56:18.732Z","target_donation":8000000,"total_action_donation":40000,"detail_action_donation":"Setiap donasi akan digunakan untuk kegiatan pelestarian alam, pengadaan peralatan daur ulang, dan program edukasi lingkungan.","type":"FUNDRAISING","status":"ACCEPTED","created_at":"2023-06-25T01:09:44.593Z","updated_at":"2023-06-25T01:09:44.593Z","total_amount_collected":1368332,"total_amount_collected_percent":17.10415},{"id":3,"title":"Menjalin Ikatan Sosial, Membangun Komunitas yang Kuat","category":{"id":3,"created_at":"2023-06-25T01:07:02.104Z","updated_at":"2023-06-25T01:07:02.104Z","name":"Sosial"},"category_id":3,"organizer":{"ID":4,"Name":"Unilever","Email":"unilever@example.com","Role":"ADMIN","CreatedAt":"2023-06-25T01:45:25.337Z","UpdatedAt":"2023-06-25T01:45:25.337Z","photo_url":"https://sociops-backend-production.up.railway.app/asset/27"},"user_id":4,"description":"Kami berupaya untuk mempererat ikatan sosial antaranggota masyarakat dan membangun komunitas yang saling mendukung. Kami menyelenggarakan kegiatan sosial, seperti program bantuan makanan, pelatihan keterampilan, dan advokasi untuk keadilan sosial.","story":"Kami memulai inisiatif ini karena melihat adanya kesenjangan sosial dan kurangnya dukungan dalam komunitas kami. Kami berusaha untuk menciptakan kesempatan yang adil bagi semua anggota masyarakat untuk berkembang dan memiliki akses terhadap sumber daya yang diperlukan.","target_recipient":"Komunitas yang solid","proposal":"XXX","image":"https://sociops-backend-production.up.railway.app/asset/3","video":"https://sociops-backend-production.up.railway.app/asset/31","hashtag":"#KomunitasKuat","location":"Bandung, Indonesia","start_date":"2023-10-14T21:56:18.732Z","end_date":"2023-12-14T21:56:18.732Z","target_donation":6000000,"total_action_donation":30000,"detail_action_donation":"Setiap donasi akan digunakan untuk program bantuan makanan, pelatihan keterampilan, pendirian pusat komunitas, dan kegiatan sosial lainnya.","type":"FUNDRAISING","status":"ACCEPTED","created_at":"2023-06-25T01:09:50.592Z","updated_at":"2023-06-25T01:09:50.592Z","total_amount_collected":1402536,"total_amount_collected_percent":23.3756},{"id":4,"title":"Harapan dan Penyembuhan bagi Anak-anak Sakit","category":{"id":4,"created_at":"2023-06-25T01:07:06.499Z","updated_at":"2023-06-25T01:07:06.499Z","name":"Anak Sakit"},"category_id":4,"organizer":{"ID":2,"Name":"SkilledUp Life","Email":"skilleduplife@example.com","Role":"ADMIN","CreatedAt":"2023-06-25T01:44:14.408Z","UpdatedAt":"2023-06-25T01:44:14.408Z","photo_url":"https://sociops-backend-production.up.railway.app/asset/25"},"user_id":2,"description":"Kami berkomitmen untuk memberikan harapan dan perawatan kepada anak-anak yang sedang berjuang melawan penyakit serius. Kami menyediakan dukungan emosional, akses ke perawatan medis, dan program penyembuhan yang holistik.","story":"Kisah kami dimulai ketika kami bertemu dengan anak-anak yang sedang berjuang melawan penyakit serius. Kami melihat betapa berani dan kuatnya mereka, dan kami merasa bertanggung jawab untuk membantu mereka dalam perjalanan penyembuhan mereka. Kami menyediakan dukungan emosional, program seni terapi, dan akses ke perawatan medis yang diperlukan.","target_recipient":"Anak-anak yang sakit","proposal":"XXX","image":"https://sociops-backend-production.up.railway.app/asset/4","video":"https://sociops-backend-production.up.railway.app/asset/32","hashtag":"#AnakKuat","location":"Surabaya, Indonesia","start_date":"2023-10-14T21:56:18.732Z","end_date":"2023-12-14T21:56:18.732Z","target_donation":7000000,"total_action_donation":35000,"detail_action_donation":"Setiap donasi akan digunakan untuk menyediakan dukungan emosional, akses ke perawatan medis, program penyembuhan, dan kegiatan lainnya yang membantu anak-anak dalam perjalanan penyembuhan mereka.","type":"FUNDRAISING","status":"ACCEPTED","created_at":"2023-06-25T01:09:55.741Z","updated_at":"2023-06-25T01:09:55.741Z","total_amount_collected":505000,"total_amount_collected_percent":7.214285714285714},{"id":7,"title":"Menginspirasi Lewat Seni, Mengubah Dunia","category":{"id":7,"created_at":"2023-06-25T01:07:18.514Z","updated_at":"2023-06-25T01:07:18.514Z","name":"Seni"},"category_id":7,"organizer":{"ID":2,"Name":"SkilledUp Life","Email":"skilleduplife@example.com","Role":"ADMIN","CreatedAt":"2023-06-25T01:44:14.408Z","UpdatedAt":"2023-06-25T01:44:14.408Z","photo_url":"https://sociops-backend-production.up.railway.app/asset/25"},"user_id":2,"description":"Kami berkomitmen untuk menggunakan seni sebagai alat untuk menginspirasi dan menciptakan perubahan positif dalam masyarakat. Kami mendukung seniman lokal, menyelenggarakan pameran seni, d"
11:16:22.610 [main] DEBUG org.apache.http.wire -  << "an program pendidikan seni untuk memberikan akses dan kesempatan bagi semua orang.","story":"Kisah kami dimulai ketika kami melihat bagaimana seni memiliki dampak yang kuat dalam masyarakat. Kami melihat bahwa seni dapat menginspirasi, menyatukan, dan membangkitkan kesadaran. Oleh karena itu, kami memutuskan untuk mendukung seniman lokal, mengadakan pameran seni yang mengangkat isu-isu sosial, dan memberikan pendidikan seni kepada anak-anak dan masyarakat.","target_recipient":"Seorang seniman","proposal":"XXX","image":"https://sociops-backend-production.up.railway.app/asset/7","video":"https://sociops-backend-production.up.railway.app/asset/31","hashtag":"#SeniMengubahDunia","location":"Bali, Indonesia","start_date":"2023-10-14T21:56:18.732Z","end_date":"2023-12-14T21:56:18.732Z","target_donation":8000000,"total_action_donation":40000,"detail_action_donation":"Setiap donasi akan digunakan untuk mendukung seniman lokal, mengadakan pameran seni, program residensi seniman, dan kegiatan seni komunitas lainnya.","type":"FUNDRAISING","status":"ACCEPTED","created_at":"2023-06-25T01:10:14.885Z","updated_at":"2023-06-25T01:10:14.885Z"},{"id":9,"title":"Rumah Kasih, Tempat Anak-anak Menemukan Cinta","category":{"id":9,"created_at":"2023-06-25T01:07:29.37Z","updated_at":"2023-06-25T01:07:29.37Z","name":"Panti Asuhan"},"category_id":9,"organizer":{"ID":4,"Name":"Unilever","Email":"unilever@example.com","Role":"ADMIN","CreatedAt":"2023-06-25T01:45:25.337Z","UpdatedAt":"2023-06-25T01:45:25.337Z","photo_url":"https://sociops-backend-production.up.railway.app/asset/27"},"user_id":4,"description":"Kami berkomitmen untuk menyediakan rumah kasih yang aman dan penuh cinta bagi anak-anak yang tidak memiliki tempat tinggal yang stabil. Kami menciptakan lingkungan yang mendukung pertumbuhan, memberikan pendidikan, asuhan, dan kasih sayang kepada anak-anak yang membutuhkan.","story":"Kisah kami dimulai ketika kami melihat banyaknya anak-anak yang hidup tanpa tempat tinggal yang stabil, terpisah dari keluarga mereka. Kami merasa terpanggil untuk menciptakan rumah kasih tempat anak-anak bisa menemukan cinta, kehangatan, dan perhatian yang mereka butuhkan. Kami memberikan asuhan, pendidikan, dan dukungan emosional kepada anak-anak ini.","target_recipient":"Anak-anak di panti asuhan","proposal":"XXX","image":"https://sociops-backend-production.up.railway.app/asset/9","video":"https://sociops-backend-production.up.railway.app/asset/29","hashtag":"#RumahKasih","location":"Surabaya, Indonesia","start_date":"2023-10-14T21:56:18.732Z","end_date":"2023-12-14T21:56:18.732Z","target_donation":7000000,"total_action_donation":35000,"detail_action_donation":"Setiap donasi akan digunakan untuk menyediakan tempat tinggal yang aman, pendidikan, perawatan, dan dukungan emosional bagi anak-anak yang tinggal di rumah kasih.","type":"FUNDRAISING","status":"ACCEPTED","created_at":"2023-06-25T01:10:27.439Z","updated_at":"2023-06-25T01:10:27.439Z"},{"id":10,"title":"Mendukung Kemandirian dan Kualitas Hidup bagi Penyandang Disabilitas","category":{"id":10,"created_at":"2023-06-25T01:07:34.17Z","updated_at":"2023-06-25T01:07:34.17Z","name":"Disabilitas"},"category_id":10,"organizer":{"ID":2,"Name":"SkilledUp Life","Email":"skilleduplife@example.com","Role":"ADMIN","CreatedAt":"2023-06-25T01:44:14.408Z","UpdatedAt":"2023-06-25T01:44:14.408Z","photo_url":"https://sociops-backend-production.up.railway.app/asset/25"},"user_id":2,"description":"Kami berkomitmen untuk membantu mewujudkan kemandirian dan meningkatkan kualitas hidup bagi penyandang disabilitas. Kami menyediakan aksesibilitas, pendidikan, pelatihan keterampilan, dan dukungan sosial untuk memperkuat inklusi dan kesetaraan.","story":"Kisah kami dimulai ketika kami melihat tantangan yang dihadapi oleh penyandang disabilitas dalam mendapatkan aksesibilitas, pendidikan, dan dukungan yang mereka butuhkan. Kami merasa terpanggil untuk memperjuangkan hak-hak mereka dan menyediakan lingkungan yang inklusif. Kami memberikan pelatihan keterampilan, dukungan sosial, dan aksesibilitas yang diperlukan bagi penyandang disabilitas.","target_recipient":"Penyandang disabilitas","proposal":"XXX","image":"https://sociops-backend-production.up.railway.app/asset/10","video":"https://sociops-backend-production.up.railway.app/asset/30","hashtag":"#KemandirianDisabilitas","location":"Jakarta, Indonesia","start_date":"2023-10-14T21:56:18.732Z","end_date":"2023-12-14T21:56:18.732Z","target_donation":9000000,"total_action_donation":45000,"detail_action_donation":"Setiap donasi akan digunakan untuk meningkatkan aksesibilitas, menyediakan pendidikan inklusif, pelatihan keterampilan, dan dukungan sosial bagi penyandang disabilitas.","type":"FUNDRAISING","status":"ACCEPTED","created_at":"2023-06-25T01:10:33.74Z","updated_at":"2023-06-25T01:10:33.74Z"},{"id":31,"title":"xxx","category":{"id":1,"created_at":"2023-06-25T01:06:55.647Z","updated_at":"2023-06-25T01:06:55.647Z","name":"Pendidikan"},"category_id":1,"organizer":{"ID":5,"Name":"Pak John","Email":"john@doe.com","Role":"ADMIN","CreatedAt":"2023-06-25T02:26:56.334Z","UpdatedAt":"2023-06-25T02:26:56.334Z","photo_url":""},"user_id":5,"description":"xxx","story":"xx","target_recipient":"xx","proposal":"xx","image":"xxx","video":"xxx","hashtag":"xxx","location":"xxx","start_date":"2023-06-14T21:56:18.732Z","end_date":"2023-06-14T21:56:18.732Z","target_donation":111,"total_action_donation":111,"detail_action_donation":"xxx","detail_action":{},"type":"FUNDRAISING","status":"ACCEPTED","created_at":"2023-06-25T09:47:14.056Z","updated_at":"2023-06-25T19:33:11.147Z"},{"id":65,"title":"[DATA TEST] Inovasi untuk Masa Depan: Mendukung Riset dan Teknologi","category":{"id":12,"created_at":"2023-06-25T01:07:44.368Z","updated_at":"2023-06-25T01:07:44.368"
11:16:22.611 [main] DEBUG org.apache.http.wire -  << "[\r][\n]"
11:16:22.613 [main] DEBUG org.apache.http.wire -  << "4c7[\r][\n]"
11:16:22.613 [main] DEBUG org.apache.http.wire -  << "Z","name":"Lainnya"},"category_id":12,"organizer":{"ID":5,"Name":"Pak John","Email":"john@doe.com","Role":"ADMIN","CreatedAt":"2023-06-25T02:26:56.334Z","UpdatedAt":"2023-06-25T02:26:56.334Z","photo_url":""},"user_id":5,"description":"[DATA TEST] Kami berkomitmen untuk mendukung riset dan teknologi sebagai sumber inovasi untuk masa depan. Kami memfasilitasi pengembangan penelitian, pembiayaan startup teknologi, dan kolaborasi antara ilmuwan, insinyur, dan komunitas teknologi untuk menciptakan solusi berkelanjutan.","story":"XXX","target_recipient":"[DATA TEST] Riset dan teknologi inovatif","proposal":"XXX","image":"XXX","video":"XXX","hashtag":"[DATA TEST] #InovasiMasaDepan","location":"[DATA TEST] Silicon Valley, Amerika Serikat","start_date":"2023-10-14T14:56:18.732Z","end_date":"2023-12-14T14:56:18.732Z","target_donation":10000000,"total_action_donation":50000,"detail_action_donation":"[DATA TEST] Setiap donasi akan digunakan untuk mendukung riset inovatif, pembiayaan startup teknologi, dan program kolaborasi di bidang riset dan teknologi.","type":"FUNDRAISING","status":"ACCEPTED","created_at":"2023-06-25T18:49:20.989Z","updated_at":"2023-06-26T00:47:20.38Z"}],"message":"all campaigns","status":true}[\n]"
11:16:22.613 [main] DEBUG org.apache.http.wire -  << "[\r][\n]"
11:16:22.614 [main] DEBUG org.apache.http.wire -  << "0[\r][\n]"
11:16:22.614 [main] DEBUG org.apache.http.wire -  << "[\r][\n]"
11:16:22.614 [main] DEBUG org.apache.http.impl.conn.BasicClientConnectionManager - Releasing connection org.apache.http.impl.conn.ManagedClientConnectionImpl@66713605
11:16:22.614 [main] DEBUG org.apache.http.impl.conn.BasicClientConnectionManager - Connection can be kept alive indefinitely
  &amp#27;[32mWhen &amp#27;[0m&amp#27;[32mI send GET all volunteer HTTP request&amp#27;[0m                    &amp#27;[90m# starter.stepdefinitions.volunteerSteps.sendHttpGetAllRequest()&amp#27;[0m
  &amp#27;[32mThen &amp#27;[0m&amp#27;[32mI receive valid HTTP response code 200&amp#27;[0m                   &amp#27;[90m# starter.stepdefinitions.volunteerSteps.receiveValidHttpResponse200()&amp#27;[0m
  &amp#27;[32mAnd &amp#27;[0m&amp#27;[32mI receive valid get data for all volunteer data&amp#27;[0m           &amp#27;[90m# starter.stepdefinitions.volunteerSteps.receiveValidGetVolunteerAll()&amp#27;[0m
11:16:22.748 [main] INFO  - 
  _____   ___   ___   _____     ___     _     ___   ___   ___   ___  
 |_   _| | __| / __| |_   _|   | _ \   /_\   / __| / __| | __| |   \ 
   | |   | _|  \__ \   | |     |  _/  / _ \  \__ \ \__ \ | _|  | |) |
   |_|   |___| |___/   |_|     |_|   /_/ \_\ |___/ |___/ |___| |___/ 

GET As admin I have be able to get all volunteer data
----------------------------------------------------------------------
]]></system-out>
  </testcase>
</testsuite>