<?xml version="1.0" encoding="UTF-8" standalone="no"?><testsuite errors="0" failures="0" name="Manage News Admin" skipped="0" tests="8" time="7.9" timestamp="2023-06-24 12:33:36"><testcase name="POST - Create new news without fill title payload"/><testcase name="POST - Create new news without fill description payload"/><testcase name="POST - Create new news only fill 1 char in title payload"/><testcase name="POST - Create new news only fill 1 char in description payload"/><testcase name="GET - All news"/><testcase name="GET - News by ID"/><testcase name="GET - News by out of bound ID"/><testcase name="GET - News by invalid ID"/></testsuite>