<?xml version="1.0" encoding="UTF-8" standalone="no"?><testsuite errors="0" failures="0" name="user" skipped="0" tests="5" time="21.4" timestamp="2023-06-26 11:16:01"><testcase name="POST As admin I have be able to create new volunteer data"/><testcase name="POST As admin I not be able to create with invalid data"/><testcase name="GET As admin I have be able to get volunteer data by id"/><testcase name="DELETE As admin i want to delete volunteer data"/><testcase name="GET As admin I have be able to get all volunteer data"/></testsuite>